
========================================
ARCHIVED LOG TIMESTAMP: 2026-02-27 06:13:57
========================================
DEBUGGER SESSION START: 2026-02-27 06:07:54
Targeting Hypothesis in: /home/jwils/matrixoverlay.v2/CurrentProgramTrajectory.md

$ whoami
jwils


$ pwd
/home/jwils/matrixoverlay.v2


$ ls -F
01Senior_Architect_Role_Starter.md
02Senior_Project_Manager_Role_Starter.md
03Senior_Systems_Engineer_Role_Starter.md
backups/
benches/
build_journal.md*
Cargo.lock
Cargo.toml
config/
config.example.json
config.rs
CurrentProgramTrajectory.md
debugger.py
diffcorrector
docs/
e2e_app.log
gemini_clock.md
install_prereqs.sh*
layout.rs
lib.rs
logs/
main.rs
matrix-overlay.code-workspace
matrixoverlay.v2.development_pipeline.md
metrics.rs
overlay
path_utils.rs
powershell.md*
README.md
render.rs
src/
target/
test_report.md
tests/
test_scripts/
timer.rs
tray.rs
window.rs


$ cargo build --release
    Finished `release` profile [optimized] target(s) in 0.39s


$ cargo test
   Compiling hashbrown v0.16.1
   Compiling equivalent v1.0.2
   Compiling memchr v2.7.6
   Compiling cfg-if v1.0.4
   Compiling libc v0.2.180
   Compiling smallvec v1.15.1
   Compiling once_cell v1.21.3
   Compiling pin-project-lite v0.2.16
   Compiling futures-core v0.3.31
   Compiling slab v0.4.11
   Compiling pin-utils v0.1.0
   Compiling serde_core v1.0.228
   Compiling futures-task v0.3.31
   Compiling futures-io v0.3.31
   Compiling bytes v1.11.0
   Compiling itoa v1.0.17
   Compiling scopeguard v1.2.0
   Compiling zerofrom v0.1.6
   Compiling stable_deref_trait v1.2.1
   Compiling bitflags v2.10.0
   Compiling futures-channel v0.3.31
   Compiling lock_api v0.4.14
   Compiling thiserror v1.0.69
   Compiling bitflags v1.3.2
   Compiling anyhow v1.0.100
   Compiling fnv v1.0.7
   Compiling tracing-core v0.1.36
   Compiling futures-sink v0.3.31
   Compiling yoke v0.8.1
   Compiling log v0.4.29
   Compiling litemap v0.8.1
   Compiling writeable v0.6.2
   Compiling tower-service v0.3.3
   Compiling percent-encoding v2.3.2
   Compiling try-lock v0.2.5
   Compiling httparse v1.10.1
   Compiling httpdate v1.0.3
   Compiling zerovec v0.11.5
   Compiling zerotrie v0.2.3
   Compiling want v0.3.1
   Compiling foreign-types-shared v0.1.1
   Compiling icu_properties_data v2.1.2
   Compiling crossbeam-utils v0.8.21
   Compiling icu_normalizer_data v2.1.1
   Compiling foreign-types v0.3.2
   Compiling openssl-probe v0.1.6
   Compiling form_urlencoded v1.2.2
   Compiling atomic-waker v1.1.2
   Compiling futures-util v0.3.31
   Compiling zerocopy v0.8.37
   Compiling ipnet v2.11.0
   Compiling indexmap v2.13.0
   Compiling utf8_iter v1.0.4
   Compiling http v1.4.0
   Compiling http v0.2.12
   Compiling tracing v0.1.44
   Compiling memoffset v0.9.1
   Compiling zmij v1.0.17
   Compiling ryu v1.0.22
   Compiling base64 v0.22.1
   Compiling simd-adler32 v0.3.8
   Compiling crossbeam-epoch v0.9.18
   Compiling tinystr v0.8.2
   Compiling potential_utf v0.1.4
   Compiling field-offset v0.3.6
   Compiling aho-corasick v1.1.4
   Compiling sync_wrapper v1.0.2
   Compiling jobserver v0.1.34
   Compiling errno v0.3.14
   Compiling parking_lot_core v0.9.12
   Compiling mio v1.1.1
   Compiling socket2 v0.6.2
   Compiling icu_locale_core v2.1.1
   Compiling signal-hook-registry v1.4.8
   Compiling icu_collections v2.1.1
   Compiling getrandom v0.3.4
   Compiling cc v1.2.55
   Compiling parking_lot v0.12.5
   Compiling x11 v2.21.0
   Compiling http-body v1.0.1
   Compiling regex-syntax v0.8.8
   Compiling http-body-util v0.1.3
   Compiling tower-layer v0.3.3
   Compiling tokio v1.49.0
   Compiling adler2 v2.0.1
   Compiling http-body v0.4.6
   Compiling rand_core v0.9.5
   Compiling crossbeam-deque v0.8.6
   Compiling socket2 v0.5.10
   Compiling getrandom v0.2.17
   Compiling crc32fast v1.5.0
   Compiling miniz_oxide v0.8.9
   Compiling quick-xml v0.30.0
   Compiling icu_provider v2.1.1
   Compiling libloading v0.7.4
   Compiling zeroize v1.8.2
   Compiling unicode-segmentation v1.12.0
   Compiling iri-string v0.7.10
   Compiling rustls-pki-types v1.14.0
   Compiling icu_properties v2.1.2
   Compiling icu_normalizer v2.1.1
   Compiling flate2 v1.1.8
   Compiling libxdo-sys v0.11.0
   Compiling serde v1.0.228
   Compiling serde_json v1.0.149
   Compiling libxdo v0.6.0
   Compiling xcb v1.7.0
   Compiling rand_core v0.6.4
   Compiling rayon-core v1.13.0
   Compiling dirs-sys-next v0.1.2
   Compiling futures-executor v0.3.31
   Compiling openssl-sys v0.9.111
   Compiling libz-sys v1.1.24
   Compiling toml_datetime v0.6.3
   Compiling serde_spanned v0.6.9
   Compiling libssh2-sys v0.3.1
   Compiling serde_urlencoded v0.7.1
   Compiling libgit2-sys v0.16.2+1.7.2
   Compiling keyboard-types v0.6.2
   Compiling toml_edit v0.20.2
   Compiling toml_edit v0.19.15
   Compiling idna_adapter v1.2.1
   Compiling regex-automata v0.4.13
   Compiling idna v1.1.0
   Compiling fdeflate v0.3.7
   Compiling openssl v0.10.75
   Compiling native-tls v0.2.14
   Compiling crossbeam-channel v0.5.15
   Compiling linux-raw-sys v0.11.0
   Compiling url v2.5.8
   Compiling base64 v0.21.7
   Compiling either v1.15.0
   Compiling png v0.17.16
   Compiling rustix v1.1.3
   Compiling rayon v1.11.0
   Compiling ppv-lite86 v0.2.21
   Compiling rustls-pemfile v1.0.4
   Compiling assert-json-diff v2.0.2
   Compiling dirs-next v2.0.0
   Compiling num-traits v0.2.19
   Compiling is-terminal v0.4.17
   Compiling encoding_rs v0.8.35
   Compiling rand_chacha v0.9.0
   Compiling rand v0.9.2
   Compiling rand_chacha v0.3.1
   Compiling termcolor v1.4.1
   Compiling toml v0.8.2
   Compiling proc-macro-crate v1.3.1
   Compiling proc-macro-crate v2.0.2
   Compiling humantime v2.3.0
   Compiling fastrand v2.3.0
   Compiling mime v0.3.17
   Compiling sync_wrapper v0.1.2
   Compiling system-deps v6.2.2
   Compiling similar v2.7.0
   Compiling iana-time-zone v0.1.65
   Compiling regex v1.12.2
   Compiling colored v3.1.1
   Compiling tempfile v3.24.0
   Compiling chrono v0.4.43
   Compiling glib-macros v0.16.8
   Compiling gtk3-macros v0.16.3
   Compiling env_logger v0.10.2
   Compiling rand v0.8.5
   Compiling glib-macros v0.18.5
   Compiling glib-sys v0.16.3
   Compiling gobject-sys v0.16.3
   Compiling gio-sys v0.16.3
   Compiling glib-sys v0.18.1
   Compiling tokio-util v0.7.18
   Compiling atk-sys v0.16.0
   Compiling pango-sys v0.16.3
   Compiling gdk-pixbuf-sys v0.16.3
   Compiling cairo-sys-rs v0.16.3
   Compiling gdk-sys v0.16.0
   Compiling gobject-sys v0.18.0
   Compiling gtk-sys v0.16.0
   Compiling gio-sys v0.18.1
   Compiling pango-sys v0.18.0
   Compiling h2 v0.4.13
   Compiling cairo-sys-rs v0.18.2
   Compiling gtk v0.16.2
   Compiling h2 v0.3.27
   Compiling tower v0.5.3
   Compiling pangocairo-sys v0.18.0
   Compiling sysinfo v0.29.11
   Compiling glib v0.16.9
   Compiling tokio-native-tls v0.3.1
   Compiling tower-http v0.6.8
   Compiling glib v0.18.5
   Compiling hyper v0.14.32
   Compiling hyper v1.8.1
   Compiling libappindicator-sys v0.8.0
   Compiling hyper-util v0.1.19
   Compiling hyper-tls v0.5.0
   Compiling reqwest v0.11.27
   Compiling hyper-tls v0.6.0
   Compiling mockito v1.7.1
   Compiling reqwest v0.12.28
   Compiling gio v0.16.7
   Compiling cairo-rs v0.16.7
   Compiling atk v0.16.0
   Compiling ollama-rs v0.1.9
   Compiling git2 v0.18.3
   Compiling gio v0.18.4
   Compiling cairo-rs v0.18.5
   Compiling pango v0.16.5
   Compiling gdk-pixbuf v0.16.7
   Compiling gdk v0.16.2
   Compiling pango v0.18.3
   Compiling pangocairo v0.18.0
   Compiling muda v0.8.7
   Compiling libappindicator v0.8.0
   Compiling tray-icon v0.8.3
   Compiling matrix-overlay v0.1.0 (/home/jwils/matrixoverlay.v2)
error[E0433]: failed to resolve: use of unresolved module or unlinked crate `matrix_overlay`
  --> tests/window_integration.rs:11:5
   |
11 | use matrix_overlay::config::Config;
   |     ^^^^^^^^^^^^^^ use of unresolved module or unlinked crate `matrix_overlay`
   |
   = help: if you wanted to use a crate named `matrix_overlay`, use `cargo add matrix_overlay` to add it to your `Cargo.toml`

error[E0433]: failed to resolve: use of unresolved module or unlinked crate `matrix_overlay`
  --> tests/window_integration.rs:12:5
   |
12 | use matrix_overlay::window::create_all_windows;
   |     ^^^^^^^^^^^^^^ use of unresolved module or unlinked crate `matrix_overlay`
   |
   = help: if you wanted to use a crate named `matrix_overlay`, use `cargo add matrix_overlay` to add it to your `Cargo.toml`

error[E0433]: failed to resolve: use of unresolved module or unlinked crate `matrix_overlay`
 --> tests/metrics_tests.rs:6:5
  |
6 | use matrix_overlay::metrics::{
  |     ^^^^^^^^^^^^^^ use of unresolved module or unlinked crate `matrix_overlay`
  |
  = help: if you wanted to use a crate named `matrix_overlay`, use `cargo add matrix_overlay` to add it to your `Cargo.toml`

error[E0433]: failed to resolve: use of unresolved module or unlinked crate `matrix_overlay`
  --> tests/hardware_tests.rs:14:5
   |
14 | use matrix_overlay::config::Config;
   |     ^^^^^^^^^^^^^^ use of unresolved module or unlinked crate `matrix_overlay`
   |
   = help: if you wanted to use a crate named `matrix_overlay`, use `cargo add matrix_overlay` to add it to your `Cargo.toml`

error[E0433]: failed to resolve: use of unresolved module or unlinked crate `matrix_overlay`
  --> tests/hardware_tests.rs:15:5
   |
15 | use matrix_overlay::metrics::{
   |     ^^^^^^^^^^^^^^ use of unresolved module or unlinked crate `matrix_overlay`
   |
   = help: if you wanted to use a crate named `matrix_overlay`, use `cargo add matrix_overlay` to add it to your `Cargo.toml`

error[E0433]: failed to resolve: use of unresolved module or unlinked crate `matrix_overlay`
  --> tests/hardware_tests.rs:19:5
   |
19 | use matrix_overlay::window::create_all_windows;
   |     ^^^^^^^^^^^^^^ use of unresolved module or unlinked crate `matrix_overlay`
   |
   = help: if you wanted to use a crate named `matrix_overlay`, use `cargo add matrix_overlay` to add it to your `Cargo.toml`

error[E0433]: failed to resolve: use of unresolved module or unlinked crate `matrix_overlay`
 --> tests/asd_tests.rs:1:5
  |
1 | use matrix_overlay::config::Config;
  |     ^^^^^^^^^^^^^^ use of unresolved module or unlinked crate `matrix_overlay`
  |
  = help: if you wanted to use a crate named `matrix_overlay`, use `cargo add matrix_overlay` to add it to your `Cargo.toml`

warning: unused import: `Operator`
 --> tests/performance_tests.rs:4:44
  |
4 | use cairo::{ImageSurface, Format, Context, Operator};
  |                                            ^^^^^^^^
  |
  = note: `#[warn(unused_imports)]` on by default

For more information about this error, try `rustc --explain E0433`.
error: could not compile `matrix-overlay` (test "window_integration") due to 2 previous errors
warning: build failed, waiting for other jobs to finish...
error: could not compile `matrix-overlay` (test "asd_tests") due to 1 previous error
warning: variable does not need to be mutable
  --> tests/performance_tests.rs:67:9
   |
67 |     let mut surface = ImageSurface::create(Format::ARgb32, width, height).unwrap();
   |         ----^^^^^^^
   |         |
   |         help: remove this `mut`
   |
   = note: `#[warn(unused_mut)]` on by default

error: could not compile `matrix-overlay` (test "hardware_tests") due to 3 previous errors
error: could not compile `matrix-overlay` (test "metrics_tests") due to 1 previous error
warning: `matrix-overlay` (test "performance_tests") generated 2 warnings (run `cargo fix --test "performance_tests"` to apply 2 suggestions)


========================================
ARCHIVED LOG TIMESTAMP: 2026-02-27 06:31:39
========================================
DEBUGGER SESSION START: 2026-02-27 06:13:57
Targeting Hypothesis in: /home/jwils/matrixoverlay.v2/CurrentProgramTrajectory.md

=== Project Structure Fix ===
Moved 10 files to src/: timer.rs, render.rs, main.rs, config.rs, window.rs, layout.rs, tray.rs, metrics.rs, lib.rs, path_utils.rs

$ ls -F src/
config.rs
layout.rs
lib.rs
main.rs
metrics.rs
nvidia_mock.txt
path_utils.rs
render.rs
timer.rs
tray.rs
window.rs


$ cargo clean
     Removed 4804 files, 2.4GiB total


$ cargo build --release
   Compiling pkg-config v0.3.32
   Compiling libc v0.2.180
   Compiling serde_core v1.0.228
   Compiling serde v1.0.228
   Compiling equivalent v1.0.2
   Compiling hashbrown v0.16.1
   Compiling proc-macro2 v1.0.106
   Compiling unicode-ident v1.0.22
   Compiling quote v1.0.44
   Compiling winnow v0.5.40
   Compiling target-lexicon v0.12.16
   Compiling smallvec v1.15.1
   Compiling heck v0.5.0
   Compiling version-compare v0.2.1
   Compiling pin-project-lite v0.2.16
   Compiling futures-core v0.3.31
   Compiling memchr v2.7.6
   Compiling cfg-if v1.0.4
   Compiling once_cell v1.21.3
   Compiling pin-utils v0.1.0
   Compiling futures-io v0.3.31
   Compiling slab v0.4.11
   Compiling futures-task v0.3.31
   Compiling version_check v0.9.5
   Compiling futures-channel v0.3.31
   Compiling shlex v1.3.0
   Compiling find-msvc-tools v0.1.9
   Compiling syn v1.0.109
   Compiling vcpkg v0.2.15
   Compiling bytes v1.11.0
   Compiling thiserror v1.0.69
   Compiling heck v0.4.1
   Compiling stable_deref_trait v1.2.1
   Compiling proc-macro-error-attr v1.0.4
   Compiling proc-macro-error v1.0.4
   Compiling anyhow v1.0.100
   Compiling parking_lot_core v0.9.12
   Compiling indexmap v2.13.0
   Compiling itoa v1.0.17
   Compiling scopeguard v1.2.0
   Compiling bitflags v2.10.0
   Compiling cfg-expr v0.15.8
   Compiling lock_api v0.4.14
   Compiling bitflags v1.3.2
   Compiling autocfg v1.5.0
   Compiling litemap v0.8.1
   Compiling writeable v0.6.2
   Compiling log v0.4.29
   Compiling syn v2.0.114
   Compiling icu_properties_data v2.1.2
   Compiling httparse v1.10.1
   Compiling icu_normalizer_data v2.1.1
   Compiling crossbeam-utils v0.8.21
   Compiling tracing-core v0.1.36
   Compiling percent-encoding v2.3.2
   Compiling gio v0.16.7
   Compiling foreign-types-shared v0.1.1
   Compiling tower-service v0.3.3
   Compiling openssl v0.10.75
   Compiling try-lock v0.2.5
   Compiling errno v0.3.14
   Compiling jobserver v0.1.34
   Compiling mio v1.1.1
   Compiling socket2 v0.6.2
   Compiling signal-hook-registry v1.4.8
   Compiling want v0.3.1
   Compiling cc v1.2.55
   Compiling foreign-types v0.3.2
   Compiling http v1.4.0
   Compiling tracing v0.1.44
   Compiling native-tls v0.2.14
   Compiling semver v1.0.27
   Compiling openssl-probe v0.1.6
   Compiling memoffset v0.9.1
   Compiling parking_lot v0.12.5
   Compiling rustc_version v0.4.1
   Compiling form_urlencoded v1.2.2
   Compiling x11 v2.21.0
   Compiling utf8_iter v1.0.4
   Compiling fnv v1.0.7
   Compiling http v0.2.12
   Compiling gtk v0.16.2
   Compiling libxdo-sys v0.11.0
   Compiling futures-sink v0.3.31
   Compiling atomic-waker v1.1.2
   Compiling simd-adler32 v0.3.8
   Compiling ipnet v2.11.0
   Compiling zmij v1.0.17
   Compiling crc32fast v1.5.0
   Compiling zerocopy v0.8.37
   Compiling field-offset v0.3.6
   Compiling crossbeam-epoch v0.9.18
   Compiling sync_wrapper v1.0.2
   Compiling base64 v0.22.1
   Compiling gio v0.18.4
   Compiling http-body v1.0.1
   Compiling ryu v1.0.22
   Compiling tower-layer v0.3.3
   Compiling adler2 v2.0.1
   Compiling serde_json v1.0.149
   Compiling rayon-core v1.13.0
   Compiling miniz_oxide v0.8.9
   Compiling http-body v0.4.6
   Compiling crossbeam-deque v0.8.6
   Compiling http-body-util v0.1.3
   Compiling socket2 v0.5.10
   Compiling toml_datetime v0.6.3
   Compiling serde_spanned v0.6.9
   Compiling getrandom v0.2.17
   Compiling quick-xml v0.30.0
   Compiling num-traits v0.2.19
   Compiling toml_edit v0.20.2
   Compiling openssl-sys v0.9.111
   Compiling toml_edit v0.19.15
   Compiling libz-sys v1.1.24
   Compiling libssh2-sys v0.3.1
   Compiling libgit2-sys v0.16.2+1.7.2
   Compiling aho-corasick v1.1.4
   Compiling libloading v0.7.4
   Compiling httpdate v1.0.3
   Compiling unicode-segmentation v1.12.0
   Compiling iri-string v0.7.10
   Compiling regex-syntax v0.8.8
   Compiling zeroize v1.8.2
   Compiling rustls-pki-types v1.14.0
   Compiling libxdo v0.6.0
   Compiling flate2 v1.1.8
   Compiling xcb v1.7.0
   Compiling rand_core v0.6.4
   Compiling fdeflate v0.3.7
   Compiling crossbeam-channel v0.5.15
   Compiling synstructure v0.13.2
   Compiling dirs-sys-next v0.1.2
   Compiling toml v0.8.2
   Compiling proc-macro-crate v1.3.1
   Compiling proc-macro-crate v2.0.2
   Compiling regex-automata v0.4.13
   Compiling base64 v0.21.7
   Compiling either v1.15.0
   Compiling rayon v1.11.0
   Compiling dirs-next v2.0.0
   Compiling system-deps v6.2.2
   Compiling rustls-pemfile v1.0.4
   Compiling png v0.17.16
   Compiling is-terminal v0.4.17
   Compiling encoding_rs v0.8.35
   Compiling glib-macros v0.16.8
   Compiling gtk3-macros v0.16.3
   Compiling termcolor v1.4.1
   Compiling sync_wrapper v0.1.2
   Compiling iana-time-zone v0.1.65
   Compiling mime v0.3.17
   Compiling humantime v2.3.0
   Compiling glib-sys v0.16.3
   Compiling gobject-sys v0.16.3
   Compiling gio-sys v0.16.3
   Compiling futures-macro v0.3.31
   Compiling zerofrom-derive v0.1.6
   Compiling thiserror-impl v1.0.69
   Compiling yoke-derive v0.8.1
   Compiling zerovec-derive v0.11.2
   Compiling displaydoc v0.2.5
   Compiling futures-util v0.3.31
   Compiling tokio-macros v2.6.0
   Compiling glib-sys v0.18.1
   Compiling cairo-sys-rs v0.16.3
   Compiling gdk-pixbuf-sys v0.16.3
   Compiling atk-sys v0.16.0
   Compiling pango-sys v0.16.3
   Compiling zerofrom v0.1.6
   Compiling gdk-sys v0.16.0
   Compiling gobject-sys v0.18.0
   Compiling yoke v0.8.1
   Compiling openssl-macros v0.1.1
   Compiling tokio v1.49.0
   Compiling serde_derive v1.0.228
   Compiling gtk-sys v0.16.0
   Compiling zerovec v0.11.5
   Compiling zerotrie v0.2.3
   Compiling gio-sys v0.18.1
   Compiling glib-macros v0.18.5
   Compiling cairo-sys-rs v0.18.2
   Compiling pango-sys v0.18.0
   Compiling pangocairo-sys v0.18.0
   Compiling ppv-lite86 v0.2.21
   Compiling tinystr v0.8.2
   Compiling potential_utf v0.1.4
   Compiling regex v1.12.2
   Compiling icu_collections v2.1.1
   Compiling icu_locale_core v2.1.1
   Compiling rand_chacha v0.3.1
   Compiling env_logger v0.10.2
   Compiling futures-executor v0.3.31
   Compiling rand v0.8.5
   Compiling sysinfo v0.29.11
   Compiling chrono v0.4.43
   Compiling glib v0.16.9
   Compiling icu_provider v2.1.1
   Compiling icu_properties v2.1.2
   Compiling icu_normalizer v2.1.1
   Compiling glib v0.18.5
   Compiling libappindicator-sys v0.8.0
   Compiling serde_urlencoded v0.7.1
   Compiling idna_adapter v1.2.1
   Compiling idna v1.1.0
   Compiling keyboard-types v0.6.2
   Compiling url v2.5.8
   Compiling tokio-native-tls v0.3.1
   Compiling tokio-util v0.7.18
   Compiling hyper v1.8.1
   Compiling tower v0.5.3
   Compiling h2 v0.3.27
   Compiling tower-http v0.6.8
   Compiling hyper-util v0.1.19
   Compiling cairo-rs v0.16.7
   Compiling atk v0.16.0
   Compiling hyper-tls v0.6.0
   Compiling reqwest v0.12.28
   Compiling hyper v0.14.32
   Compiling ollama-rs v0.1.9
   Compiling cairo-rs v0.18.5
   Compiling git2 v0.18.3
   Compiling hyper-tls v0.5.0
   Compiling reqwest v0.11.27
   Compiling gdk-pixbuf v0.16.7
   Compiling pango v0.16.5
   Compiling pango v0.18.3
   Compiling gdk v0.16.2
   Compiling pangocairo v0.18.0
   Compiling libappindicator v0.8.0
   Compiling muda v0.8.7
   Compiling tray-icon v0.8.3
   Compiling matrix-overlay v0.1.0 (/home/jwils/matrixoverlay.v2)
    Finished `release` profile [optimized] target(s) in 1m 57s


$ cargo test
   Compiling equivalent v1.0.2
   Compiling hashbrown v0.16.1
   Compiling memchr v2.7.6
   Compiling cfg-if v1.0.4
   Compiling libc v0.2.180
   Compiling smallvec v1.15.1
   Compiling once_cell v1.21.3
   Compiling pin-project-lite v0.2.16
   Compiling futures-core v0.3.31
   Compiling slab v0.4.11
   Compiling pin-utils v0.1.0
   Compiling serde_core v1.0.228
   Compiling futures-task v0.3.31
   Compiling futures-io v0.3.31
   Compiling bytes v1.11.0
   Compiling itoa v1.0.17
   Compiling scopeguard v1.2.0
   Compiling zerofrom v0.1.6
   Compiling stable_deref_trait v1.2.1
   Compiling bitflags v2.10.0
   Compiling futures-channel v0.3.31
   Compiling lock_api v0.4.14
   Compiling yoke v0.8.1
   Compiling thiserror v1.0.69
   Compiling bitflags v1.3.2
   Compiling anyhow v1.0.100
   Compiling fnv v1.0.7
   Compiling tracing-core v0.1.36
   Compiling log v0.4.29
   Compiling futures-sink v0.3.31
   Compiling writeable v0.6.2
   Compiling litemap v0.8.1
   Compiling try-lock v0.2.5
   Compiling percent-encoding v2.3.2
   Compiling zerovec v0.11.5
   Compiling zerotrie v0.2.3
   Compiling tower-service v0.3.3
   Compiling want v0.3.1
   Compiling httparse v1.10.1
   Compiling foreign-types-shared v0.1.1
   Compiling httpdate v1.0.3
   Compiling icu_normalizer_data v2.1.1
   Compiling crossbeam-utils v0.8.21
   Compiling foreign-types v0.3.2
   Compiling icu_properties_data v2.1.2
   Compiling openssl-probe v0.1.6
   Compiling form_urlencoded v1.2.2
   Compiling atomic-waker v1.1.2
   Compiling futures-util v0.3.31
   Compiling tracing v0.1.44
   Compiling zerocopy v0.8.37
   Compiling utf8_iter v1.0.4
   Compiling indexmap v2.13.0
   Compiling http v1.4.0
   Compiling ipnet v2.11.0
   Compiling http v0.2.12
   Compiling memoffset v0.9.1
   Compiling zmij v1.0.17
   Compiling base64 v0.22.1
   Compiling ryu v1.0.22
   Compiling simd-adler32 v0.3.8
   Compiling crossbeam-epoch v0.9.18
   Compiling tinystr v0.8.2
   Compiling potential_utf v0.1.4
   Compiling field-offset v0.3.6
   Compiling aho-corasick v1.1.4
   Compiling sync_wrapper v1.0.2
   Compiling regex-syntax v0.8.8
   Compiling icu_locale_core v2.1.1
   Compiling icu_collections v2.1.1
   Compiling tower-layer v0.3.3
   Compiling adler2 v2.0.1
   Compiling crc32fast v1.5.0
   Compiling jobserver v0.1.34
   Compiling parking_lot_core v0.9.12
   Compiling errno v0.3.14
   Compiling mio v1.1.1
   Compiling socket2 v0.6.2
   Compiling signal-hook-registry v1.4.8
   Compiling x11 v2.21.0
   Compiling miniz_oxide v0.8.9
   Compiling cc v1.2.55
   Compiling parking_lot v0.12.5
   Compiling http-body v1.0.1
   Compiling http-body v0.4.6
   Compiling tokio v1.49.0
   Compiling http-body-util v0.1.3
   Compiling icu_provider v2.1.1
   Compiling socket2 v0.5.10
   Compiling getrandom v0.2.17
   Compiling getrandom v0.3.4
   Compiling crossbeam-deque v0.8.6
   Compiling quick-xml v0.30.0
   Compiling libloading v0.7.4
   Compiling icu_properties v2.1.2
   Compiling icu_normalizer v2.1.1
   Compiling iri-string v0.7.10
   Compiling unicode-segmentation v1.12.0
   Compiling zeroize v1.8.2
   Compiling libxdo-sys v0.11.0
   Compiling serde v1.0.228
   Compiling serde_json v1.0.149
   Compiling libxdo v0.6.0
   Compiling rustls-pki-types v1.14.0
   Compiling rayon-core v1.13.0
   Compiling rand_core v0.6.4
   Compiling xcb v1.7.0
   Compiling flate2 v1.1.8
   Compiling toml_datetime v0.6.3
   Compiling serde_spanned v0.6.9
   Compiling openssl-sys v0.9.111
   Compiling futures-executor v0.3.31
   Compiling libz-sys v1.1.24
   Compiling toml_edit v0.20.2
   Compiling toml_edit v0.19.15
   Compiling libssh2-sys v0.3.1
   Compiling serde_urlencoded v0.7.1
   Compiling idna_adapter v1.2.1
   Compiling libgit2-sys v0.16.2+1.7.2
   Compiling idna v1.1.0
   Compiling regex-automata v0.4.13
   Compiling keyboard-types v0.6.2
   Compiling dirs-sys-next v0.1.2
   Compiling openssl v0.10.75
   Compiling native-tls v0.2.14
   Compiling fdeflate v0.3.7
   Compiling crossbeam-channel v0.5.15
   Compiling url v2.5.8
   Compiling either v1.15.0
   Compiling base64 v0.21.7
   Compiling rayon v1.11.0
   Compiling png v0.17.16
   Compiling rustls-pemfile v1.0.4
   Compiling dirs-next v2.0.0
   Compiling num-traits v0.2.19
   Compiling rand_core v0.9.5
   Compiling is-terminal v0.4.17
   Compiling encoding_rs v0.8.35
   Compiling mime v0.3.17
   Compiling sync_wrapper v0.1.2
   Compiling ppv-lite86 v0.2.21
   Compiling termcolor v1.4.1
   Compiling iana-time-zone v0.1.65
   Compiling proc-macro-crate v1.3.1
   Compiling humantime v2.3.0
   Compiling rand_chacha v0.3.1
   Compiling toml v0.8.2
   Compiling proc-macro-crate v2.0.2
   Compiling chrono v0.4.43
   Compiling rand_chacha v0.9.0
   Compiling rand v0.8.5
   Compiling system-deps v6.2.2
   Compiling linux-raw-sys v0.11.0
   Compiling rand v0.9.2
   Compiling assert-json-diff v2.0.2
   Compiling regex v1.12.2
   Compiling glib-macros v0.16.8
   Compiling gtk3-macros v0.16.3
   Compiling rustix v1.1.3
   Compiling fastrand v2.3.0
   Compiling glib-macros v0.18.5
   Compiling glib-sys v0.16.3
   Compiling gobject-sys v0.16.3
   Compiling gio-sys v0.16.3
   Compiling glib-sys v0.18.1
   Compiling pango-sys v0.16.3
   Compiling gdk-sys v0.16.0
   Compiling gdk-pixbuf-sys v0.16.3
   Compiling cairo-sys-rs v0.16.3
   Compiling atk-sys v0.16.0
   Compiling gobject-sys v0.18.0
   Compiling tokio-util v0.7.18
   Compiling gtk-sys v0.16.0
   Compiling gio-sys v0.18.1
   Compiling cairo-sys-rs v0.18.2
   Compiling pango-sys v0.18.0
   Compiling h2 v0.4.13
   Compiling gtk v0.16.2
   Compiling h2 v0.3.27
   Compiling tower v0.5.3
   Compiling pangocairo-sys v0.18.0
   Compiling sysinfo v0.29.11
   Compiling env_logger v0.10.2
   Compiling similar v2.7.0
   Compiling glib v0.16.9
   Compiling tokio-native-tls v0.3.1
   Compiling tower-http v0.6.8
   Compiling colored v3.1.1
   Compiling tempfile v3.24.0
   Compiling glib v0.18.5
   Compiling hyper v1.8.1
   Compiling hyper v0.14.32
   Compiling libappindicator-sys v0.8.0
   Compiling hyper-util v0.1.19
   Compiling hyper-tls v0.5.0
   Compiling hyper-tls v0.6.0
   Compiling mockito v1.7.1
   Compiling reqwest v0.11.27
   Compiling reqwest v0.12.28
   Compiling gio v0.16.7
   Compiling cairo-rs v0.16.7
   Compiling atk v0.16.0
   Compiling ollama-rs v0.1.9
   Compiling git2 v0.18.3
   Compiling gio v0.18.4
   Compiling cairo-rs v0.18.5
   Compiling gdk-pixbuf v0.16.7
   Compiling pango v0.16.5
   Compiling gdk v0.16.2
   Compiling pango v0.18.3
   Compiling pangocairo v0.18.0
   Compiling muda v0.8.7
   Compiling libappindicator v0.8.0
   Compiling tray-icon v0.8.3
   Compiling matrix-overlay v0.1.0 (/home/jwils/matrixoverlay.v2)
    Finished `test` profile [unoptimized + debuginfo] target(s) in 52.41s
     Running unittests src/lib.rs (target/debug/deps/matrix_overlay-9754ef7d5f28d6b0)

running 7 tests
test metrics::tests::test_path_traversal_blocked ... ok
test metrics::tests::test_git_rotation_batching_cap ... ok
test render::tests::test_rain_stream_reset ... ok
test render::tests::test_rain_manager_scale_density ... ok
test metrics::tests::test_hwmon_collector_ryzen_cpu ... ok
test metrics::tests::test_git_delta_accuracy_24h_rolling ... ok
test metrics::tests::test_open_meteo_collector ... ok

test result: ok. 7 passed; 0 failed; 0 ignored; 0 measured; 0 filtered out; finished in 0.07s

     Running unittests src/main.rs (target/debug/deps/matrix_overlay-610701c0f1e9ff0a)

running 7 tests
test metrics::tests::test_path_traversal_blocked ... ok
test metrics::tests::test_git_rotation_batching_cap ... ok
test render::tests::test_rain_stream_reset ... ok
test render::tests::test_rain_manager_scale_density ... ok
test metrics::tests::test_git_delta_accuracy_24h_rolling ... ok
test metrics::tests::test_hwmon_collector_ryzen_cpu ... ok
test metrics::tests::test_open_meteo_collector ... ok

test result: ok. 7 passed; 0 failed; 0 ignored; 0 measured; 0 filtered out; finished in 0.07s

     Running tests/asd_tests.rs (target/debug/deps/asd_tests-5007f344357d4998)

running 5 tests
test test_asd_readability_defaults ... ok
test test_high_contrast_ratio ... ok
test test_layout_predictability ... ok
test test_stability_no_flicker ... ok
test test_safe_zones_and_offsets ... ok

test result: ok. 5 passed; 0 failed; 0 ignored; 0 measured; 0 filtered out; finished in 0.00s

     Running tests/hardware_tests.rs (target/debug/deps/hardware_tests-f501c6e7074f518c)

running 6 tests
test test_amd_igpu_detection ... ok
test test_fan_readings ... ok
test test_nvidia_gpu_access ... ok
test test_high_cpu_load_resilience ... ok
test test_high_disk_io_resilience ... ok
test test_window_position_stability ... ok

test result: ok. 6 passed; 0 failed; 0 ignored; 0 measured; 0 filtered out; finished in 0.56s

     Running tests/metrics_tests.rs (target/debug/deps/metrics_tests-88505b5e31a0ae1d)

running 5 tests
test test_nvidia_collector_parsing ... ok
test test_open_meteo_collector ... ok
test test_hwmon_collector_fan ... ok
test test_hwmon_collector_ryzen_cpu ... ok
test test_sysinfo_collector_defaults ... ok

test result: ok. 5 passed; 0 failed; 0 ignored; 0 measured; 0 filtered out; finished in 0.38s

     Running tests/performance_tests.rs (target/debug/deps/performance_tests-aab649b0961669dc)

running 4 tests
test test_render_optimization_bench ... ok
test test_update_latency_accuracy ... ok
test test_pulse_mode_efficiency ... ok
test test_cpu_ram_usage_simulation ... ok

test result: ok. 4 passed; 0 failed; 0 ignored; 0 measured; 0 filtered out; finished in 0.84s

     Running tests/window_integration.rs (target/debug/deps/window_integration-a34459c067989fb0)

running 3 tests
test test_click_through_input_shape ... ok
test test_geometry_and_visual ... ok
test test_window_properties_and_atoms ... ok

test result: ok. 3 passed; 0 failed; 0 ignored; 0 measured; 0 filtered out; finished in 0.17s

   Doc-tests matrix_overlay
rustdoc: error while loading shared libraries: libLLVM.so.20.1-rust-1.90.0-stable: cannot open shared object file: No such file or directory
error: doctest failed, to rerun pass `--doc`

Caused by:
  process didn't exit successfully: `rustdoc --edition=2021 --crate-type lib --color auto --crate-name matrix_overlay --test src/lib.rs --test-run-directory /home/jwils/matrixoverlay.v2 -L dependency=/home/jwils/matrixoverlay.v2/target/debug/deps -L dependency=/home/jwils/matrixoverlay.v2/target/debug/deps -L native=/home/jwils/matrixoverlay.v2/target/debug/build/libgit2-sys-d33151769a077741/out/build -L native=/home/jwils/matrixoverlay.v2/target/debug/build/libssh2-sys-df0f8d21162add45/out/build --extern anyhow=/home/jwils/matrixoverlay.v2/target/debug/deps/libanyhow-b3ab1b3ee9153273.rlib --extern cairo=/home/jwils/matrixoverlay.v2/target/debug/deps/libcairo-2cc6d9b2b0e9a632.rlib --extern chrono=/home/jwils/matrixoverlay.v2/target/debug/deps/libchrono-81d7ba0fb1314fbd.rlib --extern crossbeam_channel=/home/jwils/matrixoverlay.v2/target/debug/deps/libcrossbeam_channel-0e4352ed4debdb4b.rlib --extern env_logger=/home/jwils/matrixoverlay.v2/target/debug/deps/libenv_logger-3020200d49bc1f6b.rlib --extern git2=/home/jwils/matrixoverlay.v2/target/debug/deps/libgit2-1abd519e269fe2b2.rlib --extern gtk=/home/jwils/matrixoverlay.v2/target/debug/deps/libgtk-2f8fe87817f86176.rlib --extern log=/home/jwils/matrixoverlay.v2/target/debug/deps/liblog-129c523578cdcb9b.rlib --extern matrix_overlay=/home/jwils/matrixoverlay.v2/target/debug/deps/libmatrix_overlay-a14da82d7a82f7be.rlib --extern mockito=/home/jwils/matrixoverlay.v2/target/debug/deps/libmockito-7fbefff0ce3d5a15.rlib --extern ollama_rs=/home/jwils/matrixoverlay.v2/target/debug/deps/libollama_rs-f8f87653d3681637.rlib --extern pango=/home/jwils/matrixoverlay.v2/target/debug/deps/libpango-ddb4a0da3ae87e37.rlib --extern pangocairo=/home/jwils/matrixoverlay.v2/target/debug/deps/libpangocairo-ffd12cd1663fd493.rlib --extern rand=/home/jwils/matrixoverlay.v2/target/debug/deps/librand-d225295b1cb981df.rlib --extern reqwest=/home/jwils/matrixoverlay.v2/target/debug/deps/libreqwest-c7248d987e6f1362.rlib --extern serde=/home/jwils/matrixoverlay.v2/target/debug/deps/libserde-226d58c40d43c435.rlib --extern serde_json=/home/jwils/matrixoverlay.v2/target/debug/deps/libserde_json-66a28c7e3e038f42.rlib --extern sysinfo=/home/jwils/matrixoverlay.v2/target/debug/deps/libsysinfo-141c6819077f540a.rlib --extern tempfile=/home/jwils/matrixoverlay.v2/target/debug/deps/libtempfile-4c600858dd07a98e.rlib --extern thiserror=/home/jwils/matrixoverlay.v2/target/debug/deps/libthiserror-6c352c5da732cfad.rlib --extern tokio=/home/jwils/matrixoverlay.v2/target/debug/deps/libtokio-5610147b35dc1f9a.rlib --extern tray_icon=/home/jwils/matrixoverlay.v2/target/debug/deps/libtray_icon-b69efdd979485f96.rlib --extern xcb=/home/jwils/matrixoverlay.v2/target/debug/deps/libxcb-72e854216820a127.rlib -C embed-bitcode=no --cfg 'feature="default"' --cfg 'feature="reqwest"' --cfg 'feature="tokio"' --cfg 'feature="weather"' --check-cfg 'cfg(docsrs,test)' --check-cfg 'cfg(feature, values("default", "reqwest", "tokio", "weather"))' --error-format human` (exit status: 127)
note: test exited abnormally; to see the full output pass --nocapture to the harness.


========================================
ARCHIVED LOG TIMESTAMP: 2026-02-27 06:38:17
========================================
DEBUGGER SESSION START: 2026-02-27 06:31:39
Targeting Hypothesis in: /home/jwils/matrixoverlay.v2/CurrentProgramTrajectory.md

=== Project Structure Fix ===
No .rs files found in root to move.

$ ls -F src/
config.rs
layout.rs
lib.rs
main.rs
metrics.rs
nvidia_mock.txt
path_utils.rs
render.rs
timer.rs
tray.rs
window.rs


$ cargo clean
     Removed 8484 files, 4.9GiB total


$ cargo build --release
   Compiling pkg-config v0.3.32
   Compiling libc v0.2.180
   Compiling serde_core v1.0.228
   Compiling serde v1.0.228
   Compiling proc-macro2 v1.0.106
   Compiling hashbrown v0.16.1
   Compiling equivalent v1.0.2
   Compiling winnow v0.5.40
   Compiling quote v1.0.44
   Compiling unicode-ident v1.0.22
   Compiling target-lexicon v0.12.16
   Compiling smallvec v1.15.1
   Compiling heck v0.5.0
   Compiling version-compare v0.2.1
   Compiling pin-project-lite v0.2.16
   Compiling memchr v2.7.6
   Compiling futures-core v0.3.31
   Compiling cfg-if v1.0.4
   Compiling once_cell v1.21.3
   Compiling pin-utils v0.1.0
   Compiling slab v0.4.11
   Compiling futures-io v0.3.31
   Compiling futures-task v0.3.31
   Compiling version_check v0.9.5
   Compiling futures-channel v0.3.31
   Compiling shlex v1.3.0
   Compiling find-msvc-tools v0.1.9
   Compiling syn v1.0.109
   Compiling vcpkg v0.2.15
   Compiling bytes v1.11.0
   Compiling thiserror v1.0.69
   Compiling heck v0.4.1
   Compiling stable_deref_trait v1.2.1
   Compiling proc-macro-error-attr v1.0.4
   Compiling proc-macro-error v1.0.4
   Compiling anyhow v1.0.100
   Compiling indexmap v2.13.0
   Compiling parking_lot_core v0.9.12
   Compiling itoa v1.0.17
   Compiling scopeguard v1.2.0
   Compiling cfg-expr v0.15.8
   Compiling lock_api v0.4.14
   Compiling bitflags v2.10.0
   Compiling bitflags v1.3.2
   Compiling autocfg v1.5.0
   Compiling writeable v0.6.2
   Compiling log v0.4.29
   Compiling litemap v0.8.1
   Compiling httparse v1.10.1
   Compiling icu_normalizer_data v2.1.1
   Compiling icu_properties_data v2.1.2
   Compiling syn v2.0.114
   Compiling crossbeam-utils v0.8.21
   Compiling tracing-core v0.1.36
   Compiling tower-service v0.3.3
   Compiling foreign-types-shared v0.1.1
   Compiling percent-encoding v2.3.2
   Compiling try-lock v0.2.5
   Compiling gio v0.16.7
   Compiling openssl v0.10.75
   Compiling want v0.3.1
   Compiling foreign-types v0.3.2
   Compiling jobserver v0.1.34
   Compiling http v1.4.0
   Compiling openssl-probe v0.1.6
   Compiling semver v1.0.27
   Compiling native-tls v0.2.14
   Compiling memoffset v0.9.1
   Compiling errno v0.3.14
   Compiling mio v1.1.1
   Compiling socket2 v0.6.2
   Compiling cc v1.2.55
   Compiling signal-hook-registry v1.4.8
   Compiling tracing v0.1.44
   Compiling parking_lot v0.12.5
   Compiling rustc_version v0.4.1
   Compiling form_urlencoded v1.2.2
   Compiling x11 v2.21.0
   Compiling utf8_iter v1.0.4
   Compiling fnv v1.0.7
   Compiling gtk v0.16.2
   Compiling atomic-waker v1.1.2
   Compiling http v0.2.12
   Compiling zerocopy v0.8.37
   Compiling field-offset v0.3.6
   Compiling futures-sink v0.3.31
   Compiling libxdo-sys v0.11.0
   Compiling zmij v1.0.17
   Compiling crc32fast v1.5.0
   Compiling ipnet v2.11.0
   Compiling simd-adler32 v0.3.8
   Compiling crossbeam-epoch v0.9.18
   Compiling sync_wrapper v1.0.2
   Compiling tower-layer v0.3.3
   Compiling gio v0.18.4
   Compiling adler2 v2.0.1
   Compiling base64 v0.22.1
   Compiling serde_json v1.0.149
   Compiling http-body v1.0.1
   Compiling rayon-core v1.13.0
   Compiling ryu v1.0.22
   Compiling http-body-util v0.1.3
   Compiling crossbeam-deque v0.8.6
   Compiling miniz_oxide v0.8.9
   Compiling quick-xml v0.30.0
   Compiling socket2 v0.5.10
   Compiling http-body v0.4.6
   Compiling getrandom v0.2.17
   Compiling num-traits v0.2.19
   Compiling aho-corasick v1.1.4
   Compiling libloading v0.7.4
   Compiling toml_datetime v0.6.3
   Compiling serde_spanned v0.6.9
   Compiling iri-string v0.7.10
   Compiling toml_edit v0.20.2
   Compiling toml_edit v0.19.15
   Compiling unicode-segmentation v1.12.0
   Compiling openssl-sys v0.9.111
   Compiling libz-sys v1.1.24
   Compiling libssh2-sys v0.3.1
   Compiling libgit2-sys v0.16.2+1.7.2
   Compiling regex-syntax v0.8.8
   Compiling zeroize v1.8.2
   Compiling httpdate v1.0.3
   Compiling xcb v1.7.0
   Compiling libxdo v0.6.0
   Compiling rustls-pki-types v1.14.0
   Compiling flate2 v1.1.8
   Compiling rand_core v0.6.4
   Compiling fdeflate v0.3.7
   Compiling crossbeam-channel v0.5.15
   Compiling dirs-sys-next v0.1.2
   Compiling base64 v0.21.7
   Compiling either v1.15.0
   Compiling synstructure v0.13.2
   Compiling proc-macro-crate v1.3.1
   Compiling rayon v1.11.0
   Compiling regex-automata v0.4.13
   Compiling toml v0.8.2
   Compiling proc-macro-crate v2.0.2
   Compiling rustls-pemfile v1.0.4
   Compiling dirs-next v2.0.0
   Compiling png v0.17.16
   Compiling system-deps v6.2.2
   Compiling is-terminal v0.4.17
   Compiling encoding_rs v0.8.35
   Compiling humantime v2.3.0
   Compiling sync_wrapper v0.1.2
   Compiling iana-time-zone v0.1.65
   Compiling termcolor v1.4.1
   Compiling mime v0.3.17
   Compiling glib-macros v0.16.8
   Compiling gtk3-macros v0.16.3
   Compiling chrono v0.4.43
   Compiling glib-sys v0.16.3
   Compiling gobject-sys v0.16.3
   Compiling gio-sys v0.16.3
   Compiling glib-sys v0.18.1
   Compiling pango-sys v0.16.3
   Compiling gdk-sys v0.16.0
   Compiling futures-macro v0.3.31
   Compiling zerofrom-derive v0.1.6
   Compiling yoke-derive v0.8.1
   Compiling thiserror-impl v1.0.69
   Compiling zerovec-derive v0.11.2
   Compiling displaydoc v0.2.5
   Compiling tokio-macros v2.6.0
   Compiling cairo-sys-rs v0.16.3
   Compiling futures-util v0.3.31
   Compiling gdk-pixbuf-sys v0.16.3
   Compiling atk-sys v0.16.0
   Compiling tokio v1.49.0
   Compiling gobject-sys v0.18.0
   Compiling serde_derive v1.0.228
   Compiling zerofrom v0.1.6
   Compiling openssl-macros v0.1.1
   Compiling gtk-sys v0.16.0
   Compiling yoke v0.8.1
   Compiling gio-sys v0.18.1
   Compiling zerovec v0.11.5
   Compiling zerotrie v0.2.3
   Compiling glib-macros v0.18.5
   Compiling pango-sys v0.18.0
   Compiling cairo-sys-rs v0.18.2
   Compiling pangocairo-sys v0.18.0
   Compiling ppv-lite86 v0.2.21
   Compiling tinystr v0.8.2
   Compiling potential_utf v0.1.4
   Compiling regex v1.12.2
   Compiling icu_collections v2.1.1
   Compiling icu_locale_core v2.1.1
   Compiling rand_chacha v0.3.1
   Compiling env_logger v0.10.2
   Compiling sysinfo v0.29.11
   Compiling rand v0.8.5
   Compiling icu_provider v2.1.1
   Compiling futures-executor v0.3.31
   Compiling icu_properties v2.1.2
   Compiling icu_normalizer v2.1.1
   Compiling glib v0.16.9
   Compiling glib v0.18.5
   Compiling libappindicator-sys v0.8.0
   Compiling serde_urlencoded v0.7.1
   Compiling keyboard-types v0.6.2
   Compiling idna_adapter v1.2.1
   Compiling idna v1.1.0
   Compiling url v2.5.8
   Compiling tokio-native-tls v0.3.1
   Compiling tokio-util v0.7.18
   Compiling hyper v1.8.1
   Compiling tower v0.5.3
   Compiling h2 v0.3.27
   Compiling tower-http v0.6.8
   Compiling hyper-util v0.1.19
   Compiling hyper-tls v0.6.0
   Compiling reqwest v0.12.28
   Compiling hyper v0.14.32
   Compiling cairo-rs v0.16.7
   Compiling atk v0.16.0
   Compiling ollama-rs v0.1.9
   Compiling cairo-rs v0.18.5
   Compiling hyper-tls v0.5.0
   Compiling reqwest v0.11.27
   Compiling git2 v0.18.3
   Compiling gdk-pixbuf v0.16.7
   Compiling pango v0.16.5
   Compiling pango v0.18.3
   Compiling gdk v0.16.2
   Compiling pangocairo v0.18.0
   Compiling libappindicator v0.8.0
   Compiling muda v0.8.7
   Compiling tray-icon v0.8.3
   Compiling matrix-overlay v0.1.0 (/home/jwils/matrixoverlay.v2)
    Finished `release` profile [optimized] target(s) in 1m 36s


$ cargo test
   Compiling libc v0.2.180
   Compiling pkg-config v0.3.32
   Compiling serde_core v1.0.228
   Compiling hashbrown v0.16.1
   Compiling equivalent v1.0.2
   Compiling serde v1.0.228
   Compiling proc-macro2 v1.0.106
   Compiling unicode-ident v1.0.22
   Compiling quote v1.0.44
   Compiling winnow v0.5.40
   Compiling target-lexicon v0.12.16
   Compiling smallvec v1.15.1
   Compiling version-compare v0.2.1
   Compiling heck v0.5.0
   Compiling cfg-if v1.0.4
   Compiling memchr v2.7.6
   Compiling once_cell v1.21.3
   Compiling pin-project-lite v0.2.16
   Compiling futures-core v0.3.31
   Compiling slab v0.4.11
   Compiling pin-utils v0.1.0
   Compiling futures-io v0.3.31
   Compiling futures-task v0.3.31
   Compiling futures-channel v0.3.31
   Compiling version_check v0.9.5
   Compiling shlex v1.3.0
   Compiling find-msvc-tools v0.1.9
   Compiling syn v1.0.109
   Compiling vcpkg v0.2.15
   Compiling bytes v1.11.0
   Compiling itoa v1.0.17
   Compiling parking_lot_core v0.9.12
   Compiling heck v0.4.1
   Compiling thiserror v1.0.69
   Compiling scopeguard v1.2.0
   Compiling proc-macro-error-attr v1.0.4
   Compiling proc-macro-error v1.0.4
   Compiling bitflags v2.10.0
   Compiling stable_deref_trait v1.2.1
   Compiling anyhow v1.0.100
   Compiling indexmap v2.13.0
   Compiling lock_api v0.4.14
   Compiling bitflags v1.3.2
   Compiling cfg-expr v0.15.8
   Compiling fnv v1.0.7
   Compiling tracing-core v0.1.36
   Compiling autocfg v1.5.0
   Compiling futures-sink v0.3.31
   Compiling log v0.4.29
   Compiling httparse v1.10.1
   Compiling litemap v0.8.1
   Compiling syn v2.0.114
   Compiling writeable v0.6.2
   Compiling http v1.4.0
   Compiling icu_properties_data v2.1.2
   Compiling icu_normalizer_data v2.1.1
   Compiling percent-encoding v2.3.2
   Compiling crossbeam-utils v0.8.21
   Compiling tracing v0.1.44
   Compiling try-lock v0.2.5
   Compiling tower-service v0.3.3
   Compiling want v0.3.1
   Compiling foreign-types-shared v0.1.1
   Compiling httpdate v1.0.3
   Compiling gio v0.16.7
   Compiling openssl v0.10.75
   Compiling foreign-types v0.3.2
   Compiling native-tls v0.2.14
   Compiling openssl-probe v0.1.6
   Compiling zerocopy v0.8.37
   Compiling jobserver v0.1.34
   Compiling errno v0.3.14
   Compiling socket2 v0.6.2
   Compiling mio v1.1.1
   Compiling semver v1.0.27
   Compiling form_urlencoded v1.2.2
   Compiling memoffset v0.9.1
   Compiling signal-hook-registry v1.4.8
   Compiling zmij v1.0.17
   Compiling cc v1.2.55
   Compiling parking_lot v0.12.5
   Compiling rustc_version v0.4.1
   Compiling atomic-waker v1.1.2
   Compiling x11 v2.21.0
   Compiling serde_json v1.0.149
   Compiling utf8_iter v1.0.4
   Compiling http-body v1.0.1
   Compiling ipnet v2.11.0
   Compiling http v0.2.12
   Compiling gtk v0.16.2
   Compiling crc32fast v1.5.0
   Compiling simd-adler32 v0.3.8
   Compiling field-offset v0.3.6
   Compiling ryu v1.0.22
   Compiling libxdo-sys v0.11.0
   Compiling getrandom v0.3.4
   Compiling base64 v0.22.1
   Compiling http-body-util v0.1.3
   Compiling crossbeam-epoch v0.9.18
   Compiling aho-corasick v1.1.4
   Compiling sync_wrapper v1.0.2
   Compiling rayon-core v1.13.0
   Compiling adler2 v2.0.1
   Compiling tower-layer v0.3.3
   Compiling regex-syntax v0.8.8
   Compiling gio v0.18.4
   Compiling miniz_oxide v0.8.9
   Compiling crossbeam-deque v0.8.6
   Compiling getrandom v0.2.17
   Compiling socket2 v0.5.10
   Compiling num-traits v0.2.19
   Compiling quick-xml v0.30.0
   Compiling libloading v0.7.4
   Compiling zeroize v1.8.2
   Compiling iri-string v0.7.10
   Compiling http-body v0.4.6
   Compiling unicode-segmentation v1.12.0
   Compiling flate2 v1.1.8
   Compiling rustls-pki-types v1.14.0
   Compiling toml_datetime v0.6.3
   Compiling serde_spanned v0.6.9
   Compiling xcb v1.7.0
   Compiling libxdo v0.6.0
   Compiling rand_core v0.6.4
   Compiling toml_edit v0.20.2
   Compiling toml_edit v0.19.15
   Compiling openssl-sys v0.9.111
   Compiling libz-sys v1.1.24
   Compiling libssh2-sys v0.3.1
   Compiling libgit2-sys v0.16.2+1.7.2
   Compiling fdeflate v0.3.7
   Compiling crossbeam-channel v0.5.15
   Compiling dirs-sys-next v0.1.2
   Compiling base64 v0.21.7
   Compiling either v1.15.0
   Compiling rayon v1.11.0
   Compiling dirs-next v2.0.0
   Compiling rustls-pemfile v1.0.4
   Compiling png v0.17.16
   Compiling regex-automata v0.4.13
   Compiling rand_core v0.9.5
   Compiling synstructure v0.13.2
   Compiling is-terminal v0.4.17
   Compiling encoding_rs v0.8.35
   Compiling iana-time-zone v0.1.65
   Compiling mime v0.3.17
   Compiling sync_wrapper v0.1.2
   Compiling rustix v1.1.3
   Compiling termcolor v1.4.1
   Compiling proc-macro-crate v1.3.1
   Compiling humantime v2.3.0
   Compiling toml v0.8.2
   Compiling proc-macro-crate v2.0.2
   Compiling chrono v0.4.43
   Compiling linux-raw-sys v0.11.0
   Compiling fastrand v2.3.0
   Compiling similar v2.7.0
   Compiling ppv-lite86 v0.2.21
   Compiling colored v3.1.1
   Compiling system-deps v6.2.2
   Compiling rand_chacha v0.3.1
   Compiling rand_chacha v0.9.0
   Compiling futures-macro v0.3.31
   Compiling zerofrom-derive v0.1.6
   Compiling thiserror-impl v1.0.69
   Compiling yoke-derive v0.8.1
   Compiling tokio-macros v2.6.0
   Compiling zerovec-derive v0.11.2
   Compiling displaydoc v0.2.5
   Compiling glib-macros v0.16.8
   Compiling serde_derive v1.0.228
   Compiling glib-sys v0.16.3
   Compiling gobject-sys v0.16.3
   Compiling gio-sys v0.16.3
   Compiling glib-sys v0.18.1
   Compiling futures-util v0.3.31
   Compiling tokio v1.49.0
   Compiling atk-sys v0.16.0
   Compiling cairo-sys-rs v0.16.3
   Compiling gdk-pixbuf-sys v0.16.3
   Compiling pango-sys v0.16.3
   Compiling gdk-sys v0.16.0
   Compiling gobject-sys v0.18.0
   Compiling zerofrom v0.1.6
   Compiling gtk-sys v0.16.0
   Compiling openssl-macros v0.1.1
   Compiling yoke v0.8.1
   Compiling gio-sys v0.18.1
   Compiling pango-sys v0.18.0
   Compiling zerovec v0.11.5
   Compiling zerotrie v0.2.3
   Compiling cairo-sys-rs v0.18.2
   Compiling glib-macros v0.18.5
   Compiling gtk3-macros v0.16.3
   Compiling pangocairo-sys v0.18.0
   Compiling tinystr v0.8.2
   Compiling potential_utf v0.1.4
   Compiling icu_collections v2.1.1
   Compiling icu_locale_core v2.1.1
   Compiling regex v1.12.2
   Compiling rand v0.8.5
   Compiling sysinfo v0.29.11
   Compiling rand v0.9.2
   Compiling futures-executor v0.3.31
   Compiling glib v0.16.9
   Compiling icu_provider v2.1.1
   Compiling env_logger v0.10.2
   Compiling tempfile v3.24.0
   Compiling icu_normalizer v2.1.1
   Compiling icu_properties v2.1.2
   Compiling serde_urlencoded v0.7.1
   Compiling keyboard-types v0.6.2
   Compiling assert-json-diff v2.0.2
   Compiling glib v0.18.5
   Compiling idna_adapter v1.2.1
   Compiling idna v1.1.0
   Compiling libappindicator-sys v0.8.0
   Compiling url v2.5.8
   Compiling tokio-util v0.7.18
   Compiling tokio-native-tls v0.3.1
   Compiling tower v0.5.3
   Compiling tower-http v0.6.8
   Compiling h2 v0.4.13
   Compiling h2 v0.3.27
   Compiling hyper v0.14.32
   Compiling hyper v1.8.1
   Compiling cairo-rs v0.16.7
   Compiling atk v0.16.0
   Compiling git2 v0.18.3
   Compiling hyper-util v0.1.19
   Compiling hyper-tls v0.5.0
   Compiling reqwest v0.11.27
   Compiling cairo-rs v0.18.5
   Compiling hyper-tls v0.6.0
   Compiling mockito v1.7.1
   Compiling reqwest v0.12.28
   Compiling ollama-rs v0.1.9
   Compiling gdk-pixbuf v0.16.7
   Compiling pango v0.16.5
   Compiling pango v0.18.3
   Compiling gdk v0.16.2
   Compiling pangocairo v0.18.0
   Compiling libappindicator v0.8.0
   Compiling muda v0.8.7
   Compiling tray-icon v0.8.3
   Compiling matrix-overlay v0.1.0 (/home/jwils/matrixoverlay.v2)
    Finished `test` profile [unoptimized + debuginfo] target(s) in 53.70s
     Running unittests src/lib.rs (target/debug/deps/matrix_overlay-9754ef7d5f28d6b0)

running 7 tests
test metrics::tests::test_path_traversal_blocked ... ok
test metrics::tests::test_git_rotation_batching_cap ... ok
test render::tests::test_rain_stream_reset ... ok
test render::tests::test_rain_manager_scale_density ... ok
test metrics::tests::test_hwmon_collector_ryzen_cpu ... ok
test metrics::tests::test_git_delta_accuracy_24h_rolling ... ok
test metrics::tests::test_open_meteo_collector ... ok

test result: ok. 7 passed; 0 failed; 0 ignored; 0 measured; 0 filtered out; finished in 0.06s

     Running unittests src/main.rs (target/debug/deps/matrix_overlay-610701c0f1e9ff0a)

running 7 tests
test metrics::tests::test_path_traversal_blocked ... ok
test metrics::tests::test_git_rotation_batching_cap ... ok
test render::tests::test_rain_stream_reset ... ok
test render::tests::test_rain_manager_scale_density ... ok
test metrics::tests::test_git_delta_accuracy_24h_rolling ... ok
test metrics::tests::test_hwmon_collector_ryzen_cpu ... ok
test metrics::tests::test_open_meteo_collector ... ok

test result: ok. 7 passed; 0 failed; 0 ignored; 0 measured; 0 filtered out; finished in 0.07s

     Running tests/asd_tests.rs (target/debug/deps/asd_tests-5007f344357d4998)

running 5 tests
test test_high_contrast_ratio ... ok
test test_asd_readability_defaults ... ok
test test_safe_zones_and_offsets ... ok
test test_layout_predictability ... ok
test test_stability_no_flicker ... ok

test result: ok. 5 passed; 0 failed; 0 ignored; 0 measured; 0 filtered out; finished in 0.00s

     Running tests/hardware_tests.rs (target/debug/deps/hardware_tests-f501c6e7074f518c)

running 6 tests
test test_amd_igpu_detection ... ok
test test_fan_readings ... ok
test test_nvidia_gpu_access ... ok
test test_high_cpu_load_resilience ... ok
test test_high_disk_io_resilience ... ok
test test_window_position_stability ... ok

test result: ok. 6 passed; 0 failed; 0 ignored; 0 measured; 0 filtered out; finished in 0.56s

     Running tests/metrics_tests.rs (target/debug/deps/metrics_tests-88505b5e31a0ae1d)

running 5 tests
test test_nvidia_collector_parsing ... ok
test test_open_meteo_collector ... ok
test test_hwmon_collector_ryzen_cpu ... ok
test test_hwmon_collector_fan ... ok
test test_sysinfo_collector_defaults ... ok

test result: ok. 5 passed; 0 failed; 0 ignored; 0 measured; 0 filtered out; finished in 0.36s

     Running tests/performance_tests.rs (target/debug/deps/performance_tests-aab649b0961669dc)

running 4 tests
test test_render_optimization_bench ... ok
test test_update_latency_accuracy ... ok
test test_pulse_mode_efficiency ... ok
test test_cpu_ram_usage_simulation ... ok

test result: ok. 4 passed; 0 failed; 0 ignored; 0 measured; 0 filtered out; finished in 0.81s

     Running tests/window_integration.rs (target/debug/deps/window_integration-a34459c067989fb0)

running 3 tests
test test_click_through_input_shape ... ok
test test_geometry_and_visual ... ok
test test_window_properties_and_atoms ... ok

test result: ok. 3 passed; 0 failed; 0 ignored; 0 measured; 0 filtered out; finished in 0.17s

   Doc-tests matrix_overlay
rustdoc: error while loading shared libraries: libLLVM.so.20.1-rust-1.90.0-stable: cannot open shared object file: No such file or directory
error: doctest failed, to rerun pass `--doc`

Caused by:
  process didn't exit successfully: `rustdoc --edition=2021 --crate-type lib --color auto --crate-name matrix_overlay --test src/lib.rs --test-run-directory /home/jwils/matrixoverlay.v2 -L dependency=/home/jwils/matrixoverlay.v2/target/debug/deps -L dependency=/home/jwils/matrixoverlay.v2/target/debug/deps -L native=/home/jwils/matrixoverlay.v2/target/debug/build/libgit2-sys-d33151769a077741/out/build -L native=/home/jwils/matrixoverlay.v2/target/debug/build/libssh2-sys-df0f8d21162add45/out/build --extern anyhow=/home/jwils/matrixoverlay.v2/target/debug/deps/libanyhow-b3ab1b3ee9153273.rlib --extern cairo=/home/jwils/matrixoverlay.v2/target/debug/deps/libcairo-2cc6d9b2b0e9a632.rlib --extern chrono=/home/jwils/matrixoverlay.v2/target/debug/deps/libchrono-81d7ba0fb1314fbd.rlib --extern crossbeam_channel=/home/jwils/matrixoverlay.v2/target/debug/deps/libcrossbeam_channel-0e4352ed4debdb4b.rlib --extern env_logger=/home/jwils/matrixoverlay.v2/target/debug/deps/libenv_logger-3020200d49bc1f6b.rlib --extern git2=/home/jwils/matrixoverlay.v2/target/debug/deps/libgit2-1abd519e269fe2b2.rlib --extern gtk=/home/jwils/matrixoverlay.v2/target/debug/deps/libgtk-2f8fe87817f86176.rlib --extern log=/home/jwils/matrixoverlay.v2/target/debug/deps/liblog-129c523578cdcb9b.rlib --extern matrix_overlay=/home/jwils/matrixoverlay.v2/target/debug/deps/libmatrix_overlay-a14da82d7a82f7be.rlib --extern mockito=/home/jwils/matrixoverlay.v2/target/debug/deps/libmockito-7fbefff0ce3d5a15.rlib --extern ollama_rs=/home/jwils/matrixoverlay.v2/target/debug/deps/libollama_rs-f8f87653d3681637.rlib --extern pango=/home/jwils/matrixoverlay.v2/target/debug/deps/libpango-ddb4a0da3ae87e37.rlib --extern pangocairo=/home/jwils/matrixoverlay.v2/target/debug/deps/libpangocairo-ffd12cd1663fd493.rlib --extern rand=/home/jwils/matrixoverlay.v2/target/debug/deps/librand-d225295b1cb981df.rlib --extern reqwest=/home/jwils/matrixoverlay.v2/target/debug/deps/libreqwest-c7248d987e6f1362.rlib --extern serde=/home/jwils/matrixoverlay.v2/target/debug/deps/libserde-226d58c40d43c435.rlib --extern serde_json=/home/jwils/matrixoverlay.v2/target/debug/deps/libserde_json-66a28c7e3e038f42.rlib --extern sysinfo=/home/jwils/matrixoverlay.v2/target/debug/deps/libsysinfo-141c6819077f540a.rlib --extern tempfile=/home/jwils/matrixoverlay.v2/target/debug/deps/libtempfile-4c600858dd07a98e.rlib --extern thiserror=/home/jwils/matrixoverlay.v2/target/debug/deps/libthiserror-6c352c5da732cfad.rlib --extern tokio=/home/jwils/matrixoverlay.v2/target/debug/deps/libtokio-5610147b35dc1f9a.rlib --extern tray_icon=/home/jwils/matrixoverlay.v2/target/debug/deps/libtray_icon-b69efdd979485f96.rlib --extern xcb=/home/jwils/matrixoverlay.v2/target/debug/deps/libxcb-72e854216820a127.rlib -C embed-bitcode=no --cfg 'feature="default"' --cfg 'feature="reqwest"' --cfg 'feature="tokio"' --cfg 'feature="weather"' --check-cfg 'cfg(docsrs,test)' --check-cfg 'cfg(feature, values("default", "reqwest", "tokio", "weather"))' --error-format human` (exit status: 127)
note: test exited abnormally; to see the full output pass --nocapture to the harness.


========================================
ARCHIVED LOG TIMESTAMP: 2026-02-27 06:48:15
========================================
DEBUGGER SESSION START: 2026-02-27 06:38:17
Targeting Hypothesis in: /home/jwils/matrixoverlay.v2/CurrentProgramTrajectory.md

=== Project Structure Fix ===
No .rs files found in root to move.

$ ls -F src/
config.rs
layout.rs
lib.rs
main.rs
metrics.rs
nvidia_mock.txt
path_utils.rs
render.rs
timer.rs
tray.rs
window.rs


$ cargo clean
     Removed 6421 files, 4.3GiB total


$ cargo build --release
   Compiling pkg-config v0.3.32
   Compiling libc v0.2.180
   Compiling serde_core v1.0.228
   Compiling serde v1.0.228
   Compiling proc-macro2 v1.0.106
   Compiling equivalent v1.0.2
   Compiling hashbrown v0.16.1
   Compiling winnow v0.5.40
   Compiling unicode-ident v1.0.22
   Compiling quote v1.0.44
   Compiling target-lexicon v0.12.16
   Compiling smallvec v1.15.1
   Compiling heck v0.5.0
   Compiling version-compare v0.2.1
   Compiling pin-project-lite v0.2.16
   Compiling futures-core v0.3.31
   Compiling memchr v2.7.6
   Compiling cfg-if v1.0.4
   Compiling once_cell v1.21.3
   Compiling pin-utils v0.1.0
   Compiling slab v0.4.11
   Compiling futures-task v0.3.31
   Compiling futures-io v0.3.31
   Compiling version_check v0.9.5
   Compiling futures-channel v0.3.31
   Compiling shlex v1.3.0
   Compiling find-msvc-tools v0.1.9
   Compiling syn v1.0.109
   Compiling vcpkg v0.2.15
   Compiling bytes v1.11.0
   Compiling thiserror v1.0.69
   Compiling heck v0.4.1
   Compiling parking_lot_core v0.9.12
   Compiling proc-macro-error-attr v1.0.4
   Compiling indexmap v2.13.0
   Compiling cfg-expr v0.15.8
   Compiling proc-macro-error v1.0.4
   Compiling stable_deref_trait v1.2.1
   Compiling anyhow v1.0.100
   Compiling itoa v1.0.17
   Compiling scopeguard v1.2.0
   Compiling bitflags v2.10.0
   Compiling bitflags v1.3.2
   Compiling lock_api v0.4.14
   Compiling autocfg v1.5.0
   Compiling writeable v0.6.2
   Compiling log v0.4.29
   Compiling syn v2.0.114
   Compiling litemap v0.8.1
   Compiling crossbeam-utils v0.8.21
   Compiling httparse v1.10.1
   Compiling icu_properties_data v2.1.2
   Compiling icu_normalizer_data v2.1.1
   Compiling tracing-core v0.1.36
   Compiling percent-encoding v2.3.2
   Compiling gio v0.16.7
   Compiling openssl v0.10.75
   Compiling foreign-types-shared v0.1.1
   Compiling tower-service v0.3.3
   Compiling jobserver v0.1.34
   Compiling errno v0.3.14
   Compiling mio v1.1.1
   Compiling socket2 v0.6.2
   Compiling try-lock v0.2.5
   Compiling want v0.3.1
   Compiling signal-hook-registry v1.4.8
   Compiling foreign-types v0.3.2
   Compiling http v1.4.0
   Compiling openssl-probe v0.1.6
   Compiling cc v1.2.55
   Compiling parking_lot v0.12.5
   Compiling tracing v0.1.44
   Compiling native-tls v0.2.14
   Compiling semver v1.0.27
   Compiling memoffset v0.9.1
   Compiling form_urlencoded v1.2.2
   Compiling x11 v2.21.0
   Compiling utf8_iter v1.0.4
   Compiling fnv v1.0.7
   Compiling rustc_version v0.4.1
   Compiling http v0.2.12
   Compiling gtk v0.16.2
   Compiling zmij v1.0.17
   Compiling simd-adler32 v0.3.8
   Compiling zerocopy v0.8.37
   Compiling libxdo-sys v0.11.0
   Compiling atomic-waker v1.1.2
   Compiling futures-sink v0.3.31
   Compiling ipnet v2.11.0
   Compiling crc32fast v1.5.0
   Compiling field-offset v0.3.6
   Compiling crossbeam-epoch v0.9.18
   Compiling sync_wrapper v1.0.2
   Compiling gio v0.18.4
   Compiling serde_json v1.0.149
   Compiling http-body v1.0.1
   Compiling tower-layer v0.3.3
   Compiling adler2 v2.0.1
   Compiling ryu v1.0.22
   Compiling rayon-core v1.13.0
   Compiling base64 v0.22.1
   Compiling http-body-util v0.1.3
   Compiling miniz_oxide v0.8.9
   Compiling crossbeam-deque v0.8.6
   Compiling quick-xml v0.30.0
   Compiling http-body v0.4.6
   Compiling socket2 v0.5.10
   Compiling getrandom v0.2.17
   Compiling num-traits v0.2.19
   Compiling toml_datetime v0.6.3
   Compiling serde_spanned v0.6.9
   Compiling aho-corasick v1.1.4
   Compiling libloading v0.7.4
   Compiling httpdate v1.0.3
   Compiling unicode-segmentation v1.12.0
   Compiling toml_edit v0.20.2
   Compiling openssl-sys v0.9.111
   Compiling toml_edit v0.19.15
   Compiling libz-sys v1.1.24
   Compiling libssh2-sys v0.3.1
   Compiling libgit2-sys v0.16.2+1.7.2
   Compiling zeroize v1.8.2
   Compiling regex-syntax v0.8.8
   Compiling iri-string v0.7.10
   Compiling libxdo v0.6.0
   Compiling xcb v1.7.0
   Compiling flate2 v1.1.8
   Compiling rustls-pki-types v1.14.0
   Compiling rand_core v0.6.4
   Compiling fdeflate v0.3.7
   Compiling crossbeam-channel v0.5.15
   Compiling dirs-sys-next v0.1.2
   Compiling either v1.15.0
   Compiling base64 v0.21.7
   Compiling synstructure v0.13.2
   Compiling dirs-next v2.0.0
   Compiling rayon v1.11.0
   Compiling proc-macro-crate v1.3.1
   Compiling png v0.17.16
   Compiling regex-automata v0.4.13
   Compiling toml v0.8.2
   Compiling proc-macro-crate v2.0.2
   Compiling rustls-pemfile v1.0.4
   Compiling system-deps v6.2.2
   Compiling is-terminal v0.4.17
   Compiling encoding_rs v0.8.35
   Compiling mime v0.3.17
   Compiling glib-macros v0.16.8
   Compiling gtk3-macros v0.16.3
   Compiling sync_wrapper v0.1.2
   Compiling iana-time-zone v0.1.65
   Compiling humantime v2.3.0
   Compiling glib-sys v0.16.3
   Compiling futures-macro v0.3.31
   Compiling gobject-sys v0.16.3
   Compiling zerofrom-derive v0.1.6
   Compiling thiserror-impl v1.0.69
   Compiling yoke-derive v0.8.1
   Compiling gio-sys v0.16.3
   Compiling zerovec-derive v0.11.2
   Compiling tokio-macros v2.6.0
   Compiling displaydoc v0.2.5
   Compiling glib-sys v0.18.1
   Compiling futures-util v0.3.31
   Compiling atk-sys v0.16.0
   Compiling gdk-pixbuf-sys v0.16.3
   Compiling cairo-sys-rs v0.16.3
   Compiling tokio v1.49.0
   Compiling pango-sys v0.16.3
   Compiling gdk-sys v0.16.0
   Compiling gobject-sys v0.18.0
   Compiling serde_derive v1.0.228
   Compiling zerofrom v0.1.6
   Compiling openssl-macros v0.1.1
   Compiling gtk-sys v0.16.0
   Compiling yoke v0.8.1
   Compiling gio-sys v0.18.1
   Compiling glib-macros v0.18.5
   Compiling zerovec v0.11.5
   Compiling zerotrie v0.2.3
   Compiling pango-sys v0.18.0
   Compiling cairo-sys-rs v0.18.2
   Compiling pangocairo-sys v0.18.0
   Compiling ppv-lite86 v0.2.21
   Compiling regex v1.12.2
   Compiling tinystr v0.8.2
   Compiling potential_utf v0.1.4
   Compiling icu_collections v2.1.1
   Compiling rand_chacha v0.3.1
   Compiling icu_locale_core v2.1.1
   Compiling termcolor v1.4.1
   Compiling rand v0.8.5
   Compiling env_logger v0.10.2
   Compiling sysinfo v0.29.11
   Compiling chrono v0.4.43
   Compiling futures-executor v0.3.31
   Compiling icu_provider v2.1.1
   Compiling glib v0.16.9
   Compiling icu_properties v2.1.2
   Compiling icu_normalizer v2.1.1
   Compiling glib v0.18.5
   Compiling libappindicator-sys v0.8.0
   Compiling serde_urlencoded v0.7.1
   Compiling idna_adapter v1.2.1
   Compiling idna v1.1.0
   Compiling keyboard-types v0.6.2
   Compiling url v2.5.8
   Compiling tokio-native-tls v0.3.1
   Compiling hyper v1.8.1
   Compiling tokio-util v0.7.18
   Compiling tower v0.5.3
   Compiling h2 v0.3.27
   Compiling tower-http v0.6.8
   Compiling hyper-util v0.1.19
   Compiling hyper-tls v0.6.0
   Compiling reqwest v0.12.28
   Compiling cairo-rs v0.16.7
   Compiling atk v0.16.0
   Compiling hyper v0.14.32
   Compiling ollama-rs v0.1.9
   Compiling cairo-rs v0.18.5
   Compiling hyper-tls v0.5.0
   Compiling reqwest v0.11.27
   Compiling git2 v0.18.3
   Compiling pango v0.16.5
   Compiling gdk-pixbuf v0.16.7
   Compiling pango v0.18.3
   Compiling gdk v0.16.2
   Compiling pangocairo v0.18.0
   Compiling libappindicator v0.8.0
   Compiling muda v0.8.7
   Compiling tray-icon v0.8.3
   Compiling matrix-overlay v0.1.0 (/home/jwils/matrixoverlay.v2)
    Finished `release` profile [optimized] target(s) in 1m 36s


$ cargo test --lib --bins --tests
   Compiling libc v0.2.180
   Compiling pkg-config v0.3.32
   Compiling serde_core v1.0.228
   Compiling hashbrown v0.16.1
   Compiling equivalent v1.0.2
   Compiling proc-macro2 v1.0.106
   Compiling serde v1.0.228
   Compiling quote v1.0.44
   Compiling unicode-ident v1.0.22
   Compiling winnow v0.5.40
   Compiling target-lexicon v0.12.16
   Compiling smallvec v1.15.1
   Compiling version-compare v0.2.1
   Compiling heck v0.5.0
   Compiling memchr v2.7.6
   Compiling cfg-if v1.0.4
   Compiling once_cell v1.21.3
   Compiling pin-project-lite v0.2.16
   Compiling futures-core v0.3.31
   Compiling slab v0.4.11
   Compiling pin-utils v0.1.0
   Compiling futures-io v0.3.31
   Compiling futures-task v0.3.31
   Compiling futures-channel v0.3.31
   Compiling version_check v0.9.5
   Compiling find-msvc-tools v0.1.9
   Compiling shlex v1.3.0
   Compiling syn v1.0.109
   Compiling vcpkg v0.2.15
   Compiling bytes v1.11.0
   Compiling itoa v1.0.17
   Compiling parking_lot_core v0.9.12
   Compiling thiserror v1.0.69
   Compiling scopeguard v1.2.0
   Compiling proc-macro-error-attr v1.0.4
   Compiling proc-macro-error v1.0.4
   Compiling heck v0.4.1
   Compiling lock_api v0.4.14
   Compiling indexmap v2.13.0
   Compiling bitflags v2.10.0
   Compiling stable_deref_trait v1.2.1
   Compiling cfg-expr v0.15.8
   Compiling anyhow v1.0.100
   Compiling bitflags v1.3.2
   Compiling fnv v1.0.7
   Compiling tracing-core v0.1.36
   Compiling log v0.4.29
   Compiling futures-sink v0.3.31
   Compiling autocfg v1.5.0
   Compiling litemap v0.8.1
   Compiling writeable v0.6.2
   Compiling syn v2.0.114
   Compiling httparse v1.10.1
   Compiling tracing v0.1.44
   Compiling http v1.4.0
   Compiling tower-service v0.3.3
   Compiling icu_properties_data v2.1.2
   Compiling percent-encoding v2.3.2
   Compiling crossbeam-utils v0.8.21
   Compiling try-lock v0.2.5
   Compiling icu_normalizer_data v2.1.1
   Compiling want v0.3.1
   Compiling gio v0.16.7
   Compiling openssl v0.10.75
   Compiling httpdate v1.0.3
   Compiling foreign-types-shared v0.1.1
   Compiling foreign-types v0.3.2
   Compiling openssl-probe v0.1.6
   Compiling semver v1.0.27
   Compiling native-tls v0.2.14
   Compiling zerocopy v0.8.37
   Compiling jobserver v0.1.34
   Compiling errno v0.3.14
   Compiling socket2 v0.6.2
   Compiling mio v1.1.1
   Compiling form_urlencoded v1.2.2
   Compiling memoffset v0.9.1
   Compiling signal-hook-registry v1.4.8
   Compiling rustc_version v0.4.1
   Compiling cc v1.2.55
   Compiling parking_lot v0.12.5
   Compiling atomic-waker v1.1.2
   Compiling zmij v1.0.17
   Compiling x11 v2.21.0
   Compiling http-body v1.0.1
   Compiling serde_json v1.0.149
   Compiling ipnet v2.11.0
   Compiling utf8_iter v1.0.4
   Compiling field-offset v0.3.6
   Compiling http v0.2.12
   Compiling gtk v0.16.2
   Compiling ryu v1.0.22
   Compiling simd-adler32 v0.3.8
   Compiling getrandom v0.3.4
   Compiling libxdo-sys v0.11.0
   Compiling crc32fast v1.5.0
   Compiling base64 v0.22.1
   Compiling http-body-util v0.1.3
   Compiling crossbeam-epoch v0.9.18
   Compiling aho-corasick v1.1.4
   Compiling sync_wrapper v1.0.2
   Compiling adler2 v2.0.1
   Compiling gio v0.18.4
   Compiling rayon-core v1.13.0
   Compiling tower-layer v0.3.3
   Compiling regex-syntax v0.8.8
   Compiling miniz_oxide v0.8.9
   Compiling crossbeam-deque v0.8.6
   Compiling getrandom v0.2.17
   Compiling socket2 v0.5.10
   Compiling num-traits v0.2.19
   Compiling quick-xml v0.30.0
   Compiling libloading v0.7.4
   Compiling unicode-segmentation v1.12.0
   Compiling http-body v0.4.6
   Compiling zeroize v1.8.2
   Compiling iri-string v0.7.10
   Compiling rustls-pki-types v1.14.0
   Compiling flate2 v1.1.8
   Compiling libxdo v0.6.0
   Compiling rand_core v0.6.4
   Compiling toml_datetime v0.6.3
   Compiling serde_spanned v0.6.9
   Compiling xcb v1.7.0
   Compiling fdeflate v0.3.7
   Compiling toml_edit v0.20.2
   Compiling openssl-sys v0.9.111
   Compiling toml_edit v0.19.15
   Compiling libz-sys v1.1.24
   Compiling libssh2-sys v0.3.1
   Compiling libgit2-sys v0.16.2+1.7.2
   Compiling crossbeam-channel v0.5.15
   Compiling dirs-sys-next v0.1.2
   Compiling either v1.15.0
   Compiling base64 v0.21.7
   Compiling rayon v1.11.0
   Compiling dirs-next v2.0.0
   Compiling rustls-pemfile v1.0.4
   Compiling png v0.17.16
   Compiling regex-automata v0.4.13
   Compiling rand_core v0.9.5
   Compiling synstructure v0.13.2
   Compiling is-terminal v0.4.17
   Compiling encoding_rs v0.8.35
   Compiling rustix v1.1.3
   Compiling termcolor v1.4.1
   Compiling proc-macro-crate v1.3.1
   Compiling mime v0.3.17
   Compiling humantime v2.3.0
   Compiling toml v0.8.2
   Compiling proc-macro-crate v2.0.2
   Compiling iana-time-zone v0.1.65
   Compiling sync_wrapper v0.1.2
   Compiling linux-raw-sys v0.11.0
   Compiling fastrand v2.3.0
   Compiling chrono v0.4.43
   Compiling ppv-lite86 v0.2.21
   Compiling system-deps v6.2.2
   Compiling similar v2.7.0
   Compiling colored v3.1.1
   Compiling glib-macros v0.16.8
   Compiling gtk3-macros v0.16.3
   Compiling rand_chacha v0.3.1
   Compiling futures-macro v0.3.31
   Compiling zerofrom-derive v0.1.6
   Compiling yoke-derive v0.8.1
   Compiling thiserror-impl v1.0.69
   Compiling tokio-macros v2.6.0
   Compiling zerovec-derive v0.11.2
   Compiling displaydoc v0.2.5
   Compiling glib-sys v0.16.3
   Compiling gobject-sys v0.16.3
   Compiling gio-sys v0.16.3
   Compiling futures-util v0.3.31
   Compiling glib-sys v0.18.1
   Compiling gdk-sys v0.16.0
   Compiling cairo-sys-rs v0.16.3
   Compiling tokio v1.49.0
   Compiling pango-sys v0.16.3
   Compiling atk-sys v0.16.0
   Compiling gdk-pixbuf-sys v0.16.3
   Compiling gobject-sys v0.18.0
   Compiling serde_derive v1.0.228
   Compiling zerofrom v0.1.6
   Compiling yoke v0.8.1
   Compiling gtk-sys v0.16.0
   Compiling openssl-macros v0.1.1
   Compiling gio-sys v0.18.1
   Compiling cairo-sys-rs v0.18.2
   Compiling zerovec v0.11.5
   Compiling zerotrie v0.2.3
   Compiling pango-sys v0.18.0
   Compiling glib-macros v0.18.5
   Compiling pangocairo-sys v0.18.0
   Compiling regex v1.12.2
   Compiling tinystr v0.8.2
   Compiling potential_utf v0.1.4
   Compiling rand v0.8.5
   Compiling icu_collections v2.1.1
   Compiling icu_locale_core v2.1.1
   Compiling env_logger v0.10.2
   Compiling sysinfo v0.29.11
   Compiling rand_chacha v0.9.0
   Compiling tempfile v3.24.0
   Compiling icu_provider v2.1.1
   Compiling futures-executor v0.3.31
   Compiling icu_properties v2.1.2
   Compiling icu_normalizer v2.1.1
   Compiling rand v0.9.2
   Compiling glib v0.16.9
   Compiling glib v0.18.5
   Compiling idna_adapter v1.2.1
   Compiling idna v1.1.0
   Compiling libappindicator-sys v0.8.0
   Compiling serde_urlencoded v0.7.1
   Compiling keyboard-types v0.6.2
   Compiling assert-json-diff v2.0.2
   Compiling url v2.5.8
   Compiling tokio-util v0.7.18
   Compiling tokio-native-tls v0.3.1
   Compiling tower v0.5.3
   Compiling h2 v0.4.13
   Compiling h2 v0.3.27
   Compiling tower-http v0.6.8
   Compiling hyper v0.14.32
   Compiling git2 v0.18.3
   Compiling hyper v1.8.1
   Compiling cairo-rs v0.16.7
   Compiling atk v0.16.0
   Compiling hyper-util v0.1.19
   Compiling cairo-rs v0.18.5
   Compiling hyper-tls v0.5.0
   Compiling reqwest v0.11.27
   Compiling hyper-tls v0.6.0
   Compiling mockito v1.7.1
   Compiling reqwest v0.12.28
   Compiling ollama-rs v0.1.9
   Compiling gdk-pixbuf v0.16.7
   Compiling pango v0.16.5
   Compiling pango v0.18.3
   Compiling gdk v0.16.2
   Compiling pangocairo v0.18.0
   Compiling libappindicator v0.8.0
   Compiling muda v0.8.7
   Compiling tray-icon v0.8.3
   Compiling matrix-overlay v0.1.0 (/home/jwils/matrixoverlay.v2)
    Finished `test` profile [unoptimized + debuginfo] target(s) in 53.17s
     Running unittests src/lib.rs (target/debug/deps/matrix_overlay-9754ef7d5f28d6b0)

running 7 tests
test metrics::tests::test_git_rotation_batching_cap ... ok
test metrics::tests::test_path_traversal_blocked ... ok
test render::tests::test_rain_manager_scale_density ... ok
test render::tests::test_rain_stream_reset ... ok
test metrics::tests::test_hwmon_collector_ryzen_cpu ... ok
test metrics::tests::test_git_delta_accuracy_24h_rolling ... ok
test metrics::tests::test_open_meteo_collector ... ok

test result: ok. 7 passed; 0 failed; 0 ignored; 0 measured; 0 filtered out; finished in 0.07s

     Running unittests src/main.rs (target/debug/deps/matrix_overlay-610701c0f1e9ff0a)

running 7 tests
test metrics::tests::test_path_traversal_blocked ... ok
test metrics::tests::test_git_rotation_batching_cap ... ok
test render::tests::test_rain_manager_scale_density ... ok
test render::tests::test_rain_stream_reset ... ok
test metrics::tests::test_hwmon_collector_ryzen_cpu ... ok
test metrics::tests::test_git_delta_accuracy_24h_rolling ... ok
test metrics::tests::test_open_meteo_collector ... ok

test result: ok. 7 passed; 0 failed; 0 ignored; 0 measured; 0 filtered out; finished in 0.09s

     Running tests/asd_tests.rs (target/debug/deps/asd_tests-5007f344357d4998)

running 5 tests
test test_asd_readability_defaults ... ok
test test_high_contrast_ratio ... ok
test test_layout_predictability ... ok
test test_safe_zones_and_offsets ... ok
test test_stability_no_flicker ... ok

test result: ok. 5 passed; 0 failed; 0 ignored; 0 measured; 0 filtered out; finished in 0.00s

     Running tests/hardware_tests.rs (target/debug/deps/hardware_tests-f501c6e7074f518c)

running 6 tests
test test_amd_igpu_detection ... ok
test test_fan_readings ... ok
test test_nvidia_gpu_access ... ok
test test_high_cpu_load_resilience ... ok
test test_high_disk_io_resilience ... ok
test test_window_position_stability ... ok

test result: ok. 6 passed; 0 failed; 0 ignored; 0 measured; 0 filtered out; finished in 0.56s

     Running tests/metrics_tests.rs (target/debug/deps/metrics_tests-88505b5e31a0ae1d)

running 5 tests
test test_nvidia_collector_parsing ... ok
test test_open_meteo_collector ... ok
test test_hwmon_collector_ryzen_cpu ... ok
test test_hwmon_collector_fan ... ok
test test_sysinfo_collector_defaults ... ok

test result: ok. 5 passed; 0 failed; 0 ignored; 0 measured; 0 filtered out; finished in 0.30s

     Running tests/performance_tests.rs (target/debug/deps/performance_tests-aab649b0961669dc)

running 4 tests
test test_render_optimization_bench ... ok
test test_update_latency_accuracy ... ok
test test_pulse_mode_efficiency ... ok
test test_cpu_ram_usage_simulation ... ok

test result: ok. 4 passed; 0 failed; 0 ignored; 0 measured; 0 filtered out; finished in 0.84s

     Running tests/window_integration.rs (target/debug/deps/window_integration-a34459c067989fb0)

running 3 tests
test test_geometry_and_visual ... ok
test test_click_through_input_shape ... ok
test test_window_properties_and_atoms ... ok

test result: ok. 3 passed; 0 failed; 0 ignored; 0 measured; 0 filtered out; finished in 0.17s



========================================
ARCHIVED LOG TIMESTAMP: 2026-02-27 07:10:31
========================================
DEBUGGER SESSION START: 2026-02-27 06:48:15
Targeting Hypothesis in: /home/jwils/matrixoverlay.v2/CurrentProgramTrajectory.md

=== Project Structure Fix ===
No .rs files found in root to move.

$ ls -F src/
config.rs
layout.rs
lib.rs
main.rs
metrics.rs
nvidia_mock.txt
path_utils.rs
render.rs
timer.rs
tray.rs
window.rs


$ cargo build --release
    Finished `release` profile [optimized] target(s) in 0.14s


$ cargo test --all-targets
   Compiling matrix-overlay v0.1.0 (/home/jwils/matrixoverlay.v2)
error[E0432]: unresolved import `criterion`
 --> benches/render_bench.rs:1:5
  |
1 | use criterion::{criterion_group, criterion_main, Criterion};
  |     ^^^^^^^^^ use of unresolved module or unlinked crate `criterion`
  |
  = help: if you wanted to use a crate named `criterion`, use `cargo add criterion` to add it to your `Cargo.toml`

For more information about this error, try `rustc --explain E0432`.
error: could not compile `matrix-overlay` (bench "render_bench") due to 1 previous error


========================================
ARCHIVED LOG TIMESTAMP: 2026-02-27 07:57:42
========================================
DEBUGGER SESSION START: 2026-02-27 07:10:31
Targeting Hypothesis in: /home/jwils/matrixoverlay.v2/CurrentProgramTrajectory.md

=== Project Structure Fix ===
No .rs files found in root to move.

$ ls -F src/
config.rs
layout.rs
lib.rs
main.rs
metrics.rs
nvidia_mock.txt
path_utils.rs
render.rs
timer.rs
tray.rs
window.rs


$ ls -F benches/
render_bench.rs


$ cargo build --release
    Finished `release` profile [optimized] target(s) in 0.24s


$ cargo test --all-targets
    Blocking waiting for file lock on build directory
   Compiling toml_edit v0.20.2
   Compiling toml_edit v0.19.15
   Compiling serde_core v1.0.228
   Compiling zerocopy v0.8.37
   Compiling either v1.15.0
   Compiling num-traits v0.2.19
   Compiling ciborium-io v0.2.2
   Compiling anstyle v1.0.13
   Compiling plotters-backend v0.3.7
   Compiling clap_lex v1.0.0
   Compiling cast v0.3.0
   Compiling same-file v1.0.6
   Compiling anes v0.1.6
   Compiling oorandom v11.1.5
   Compiling walkdir v2.5.0
   Compiling clap_builder v4.5.60
   Compiling rayon v1.11.0
   Compiling itertools v0.10.5
   Compiling plotters-svg v0.3.7
   Compiling chrono v0.4.43
   Compiling plotters v0.3.7
   Compiling criterion-plot v0.5.0
   Compiling proc-macro-crate v1.3.1
   Compiling clap v4.5.60
   Compiling glib-macros v0.16.8
   Compiling gtk3-macros v0.16.3
   Compiling toml v0.8.2
   Compiling proc-macro-crate v2.0.2
   Compiling serde v1.0.228
   Compiling serde_json v1.0.149
   Compiling sysinfo v0.29.11
   Compiling system-deps v6.2.2
   Compiling glib-macros v0.18.5
   Compiling serde_urlencoded v0.7.1
   Compiling keyboard-types v0.6.2
   Compiling glib-sys v0.16.3
   Compiling gobject-sys v0.16.3
   Compiling gio-sys v0.16.3
   Compiling glib-sys v0.18.1
   Compiling gdk-sys v0.16.0
   Compiling pango-sys v0.16.3
   Compiling cairo-sys-rs v0.16.3
   Compiling gdk-pixbuf-sys v0.16.3
   Compiling atk-sys v0.16.0
   Compiling gobject-sys v0.18.0
   Compiling gtk-sys v0.16.0
   Compiling gio-sys v0.18.1
   Compiling cairo-sys-rs v0.18.2
   Compiling pango-sys v0.18.0
   Compiling pangocairo-sys v0.18.0
   Compiling reqwest v0.12.28
   Compiling reqwest v0.11.27
   Compiling assert-json-diff v2.0.2
   Compiling tinytemplate v1.2.1
   Compiling gtk v0.16.2
   Compiling ppv-lite86 v0.2.21
   Compiling half v2.7.1
   Compiling ciborium-ll v0.2.2
   Compiling rand_chacha v0.3.1
   Compiling rand_chacha v0.9.0
   Compiling ciborium v0.2.2
   Compiling ollama-rs v0.1.9
   Compiling glib v0.16.9
   Compiling rand v0.9.2
   Compiling rand v0.8.5
   Compiling glib v0.18.5
   Compiling mockito v1.7.1
   Compiling criterion v0.5.1
   Compiling libappindicator-sys v0.8.0
   Compiling gio v0.16.7
   Compiling cairo-rs v0.16.7
   Compiling atk v0.16.0
   Compiling gio v0.18.4
   Compiling cairo-rs v0.18.5
   Compiling gdk-pixbuf v0.16.7
   Compiling pango v0.16.5
   Compiling pango v0.18.3
   Compiling gdk v0.16.2
   Compiling pangocairo v0.18.0
   Compiling libappindicator v0.8.0
   Compiling muda v0.8.7
   Compiling tray-icon v0.8.3
   Compiling matrix-overlay v0.1.0 (/home/jwils/matrixoverlay.v2)
    Finished `test` profile [unoptimized + debuginfo] target(s) in 1m 11s
     Running unittests src/lib.rs (target/debug/deps/matrix_overlay-034438dd129be281)

running 7 tests
test metrics::tests::test_git_rotation_batching_cap ... ok
test metrics::tests::test_path_traversal_blocked ... ok
test render::tests::test_rain_stream_reset ... ok
test render::tests::test_rain_manager_scale_density ... ok
test metrics::tests::test_open_meteo_collector ... ok
test metrics::tests::test_hwmon_collector_ryzen_cpu ... ok
test metrics::tests::test_git_delta_accuracy_24h_rolling ... ok

test result: ok. 7 passed; 0 failed; 0 ignored; 0 measured; 0 filtered out; finished in 0.44s

     Running unittests src/main.rs (target/debug/deps/matrix_overlay-a75954e61943f926)

running 7 tests
test metrics::tests::test_git_rotation_batching_cap ... ok
test metrics::tests::test_path_traversal_blocked ... ok
test render::tests::test_rain_stream_reset ... ok
test render::tests::test_rain_manager_scale_density ... ok
test metrics::tests::test_git_delta_accuracy_24h_rolling ... ok
test metrics::tests::test_hwmon_collector_ryzen_cpu ... ok
test metrics::tests::test_open_meteo_collector ... ok

test result: ok. 7 passed; 0 failed; 0 ignored; 0 measured; 0 filtered out; finished in 0.07s

     Running tests/asd_tests.rs (target/debug/deps/asd_tests-e21c89ddf04df2de)

running 5 tests
test test_asd_readability_defaults ... ok
test test_high_contrast_ratio ... ok
test test_layout_predictability ... ok
test test_safe_zones_and_offsets ... ok
test test_stability_no_flicker ... ok

test result: ok. 5 passed; 0 failed; 0 ignored; 0 measured; 0 filtered out; finished in 0.00s

     Running tests/hardware_tests.rs (target/debug/deps/hardware_tests-3ef3e531c993f01b)

running 6 tests
test test_amd_igpu_detection ... ok
test test_fan_readings ... ok
test test_nvidia_gpu_access ... ok
test test_high_cpu_load_resilience ... ok
test test_high_disk_io_resilience ... ok
test test_window_position_stability ... ok

test result: ok. 6 passed; 0 failed; 0 ignored; 0 measured; 0 filtered out; finished in 0.56s

     Running tests/metrics_tests.rs (target/debug/deps/metrics_tests-84d1fcacf449f4b2)

running 5 tests
test test_nvidia_collector_parsing ... ok
test test_open_meteo_collector ... ok
test test_hwmon_collector_fan ... ok
test test_hwmon_collector_ryzen_cpu ... ok
test test_sysinfo_collector_defaults ... ok

test result: ok. 5 passed; 0 failed; 0 ignored; 0 measured; 0 filtered out; finished in 0.36s

     Running tests/performance_tests.rs (target/debug/deps/performance_tests-74d1e95623f0cfec)

running 4 tests
test test_render_optimization_bench ... ok
test test_update_latency_accuracy ... ok
test test_pulse_mode_efficiency ... ok
test test_cpu_ram_usage_simulation ... ok

test result: ok. 4 passed; 0 failed; 0 ignored; 0 measured; 0 filtered out; finished in 0.82s

     Running tests/window_integration.rs (target/debug/deps/window_integration-b2e4bd389d1c3875)

running 3 tests
test test_click_through_input_shape ... ok
test test_window_properties_and_atoms ... ok
test test_geometry_and_visual ... ok

test result: ok. 3 passed; 0 failed; 0 ignored; 0 measured; 0 filtered out; finished in 0.17s

     Running benches/render_bench.rs (target/debug/deps/render_bench-68f063e9dbf5b21b)
Gnuplot not found, using plotters backend
Testing render_text_with_glow
Success



========================================
ARCHIVED LOG TIMESTAMP: 2026-02-27 08:16:57
========================================
DEBUGGER SESSION START: 2026-02-27 07:57:42
Targeting Hypothesis in: /home/jwils/matrixoverlay.v2/CurrentProgramTrajectory.md

=== Project Structure Fix ===
No .rs files found in root to move.

$ ls -F src/
config.rs
layout.rs
lib.rs
main.rs
metrics.rs
nvidia_mock.txt
path_utils.rs
render.rs
timer.rs
tray.rs
window.rs


$ ls -F benches/
render_bench.rs


$ cargo build --release
    Finished `release` profile [optimized] target(s) in 0.26s


$ cargo test --all-targets
   Compiling matrix-overlay v0.1.0 (/home/jwils/matrixoverlay.v2)
    Finished `test` profile [unoptimized + debuginfo] target(s) in 1.06s
     Running unittests src/lib.rs (target/debug/deps/matrix_overlay-034438dd129be281)

running 7 tests
test metrics::tests::test_path_traversal_blocked ... ok
test render::tests::test_rain_manager_scale_density ... ok
test render::tests::test_rain_stream_reset ... ok
test metrics::tests::test_git_rotation_batching_cap ... ok
test metrics::tests::test_hwmon_collector_ryzen_cpu ... ok
test metrics::tests::test_git_delta_accuracy_24h_rolling ... ok
test metrics::tests::test_open_meteo_collector ... ok

test result: ok. 7 passed; 0 failed; 0 ignored; 0 measured; 0 filtered out; finished in 0.08s

     Running unittests src/main.rs (target/debug/deps/matrix_overlay-a75954e61943f926)

running 7 tests
test metrics::tests::test_path_traversal_blocked ... ok
test metrics::tests::test_git_rotation_batching_cap ... ok
test render::tests::test_rain_manager_scale_density ... ok
test render::tests::test_rain_stream_reset ... ok
test metrics::tests::test_hwmon_collector_ryzen_cpu ... ok
test metrics::tests::test_git_delta_accuracy_24h_rolling ... ok
test metrics::tests::test_open_meteo_collector ... ok

test result: ok. 7 passed; 0 failed; 0 ignored; 0 measured; 0 filtered out; finished in 0.08s

     Running tests/asd_tests.rs (target/debug/deps/asd_tests-e21c89ddf04df2de)

running 5 tests
test test_asd_readability_defaults ... ok
test test_high_contrast_ratio ... ok
test test_layout_predictability ... ok
test test_safe_zones_and_offsets ... ok
test test_stability_no_flicker ... ok

test result: ok. 5 passed; 0 failed; 0 ignored; 0 measured; 0 filtered out; finished in 0.00s

     Running tests/hardware_tests.rs (target/debug/deps/hardware_tests-3ef3e531c993f01b)

running 6 tests
test test_amd_igpu_detection ... ok
test test_fan_readings ... ok
test test_nvidia_gpu_access ... ok
test test_high_cpu_load_resilience ... ok
test test_high_disk_io_resilience ... ok
test test_window_position_stability ... ok

test result: ok. 6 passed; 0 failed; 0 ignored; 0 measured; 0 filtered out; finished in 0.57s

     Running tests/metrics_tests.rs (target/debug/deps/metrics_tests-84d1fcacf449f4b2)

running 5 tests
test test_nvidia_collector_parsing ... ok
test test_hwmon_collector_ryzen_cpu ... ok
test test_hwmon_collector_fan ... ok
test test_open_meteo_collector ... ok
test test_sysinfo_collector_defaults ... ok

test result: ok. 5 passed; 0 failed; 0 ignored; 0 measured; 0 filtered out; finished in 0.25s

     Running tests/performance_tests.rs (target/debug/deps/performance_tests-74d1e95623f0cfec)

running 4 tests
test test_render_optimization_bench ... ok
test test_update_latency_accuracy ... ok
test test_pulse_mode_efficiency ... ok
test test_cpu_ram_usage_simulation ... ok

test result: ok. 4 passed; 0 failed; 0 ignored; 0 measured; 0 filtered out; finished in 0.81s

     Running tests/window_integration.rs (target/debug/deps/window_integration-b2e4bd389d1c3875)

running 3 tests
test test_geometry_and_visual ... ok
test test_click_through_input_shape ... ok
test test_window_properties_and_atoms ... ok

test result: ok. 3 passed; 0 failed; 0 ignored; 0 measured; 0 filtered out; finished in 0.17s

     Running benches/render_bench.rs (target/debug/deps/render_bench-68f063e9dbf5b21b)
Gnuplot not found, using plotters backend
Testing render_text_with_glow
Success



========================================
ARCHIVED LOG TIMESTAMP: 2026-02-27 08:23:30
========================================
DEBUGGER SESSION START: 2026-02-27 08:16:57
Targeting Hypothesis in: /home/jwils/matrixoverlay.v2/CurrentProgramTrajectory.md

=== Project Structure Fix ===
No .rs files found in root to move.

$ ls -F src/
config.rs
layout.rs
lib.rs
main.rs
metrics.rs
nvidia_mock.txt
path_utils.rs
render.rs
timer.rs
tray.rs
window.rs


$ ls -F benches/
render_bench.rs


$ cargo build --release
    Finished `release` profile [optimized] target(s) in 0.16s


$ cargo test --all-targets
    Finished `test` profile [unoptimized + debuginfo] target(s) in 0.14s
     Running unittests src/lib.rs (target/debug/deps/matrix_overlay-034438dd129be281)

running 7 tests
test metrics::tests::test_path_traversal_blocked ... ok
test metrics::tests::test_git_rotation_batching_cap ... ok
test render::tests::test_rain_stream_reset ... ok
test render::tests::test_rain_manager_scale_density ... ok
test metrics::tests::test_hwmon_collector_ryzen_cpu ... ok
test metrics::tests::test_git_delta_accuracy_24h_rolling ... ok
test metrics::tests::test_open_meteo_collector ... ok

test result: ok. 7 passed; 0 failed; 0 ignored; 0 measured; 0 filtered out; finished in 0.07s

     Running unittests src/main.rs (target/debug/deps/matrix_overlay-a75954e61943f926)

running 7 tests
test metrics::tests::test_path_traversal_blocked ... ok
test metrics::tests::test_git_rotation_batching_cap ... ok
test render::tests::test_rain_stream_reset ... ok
test render::tests::test_rain_manager_scale_density ... ok
test metrics::tests::test_hwmon_collector_ryzen_cpu ... ok
test metrics::tests::test_git_delta_accuracy_24h_rolling ... ok
test metrics::tests::test_open_meteo_collector ... ok

test result: ok. 7 passed; 0 failed; 0 ignored; 0 measured; 0 filtered out; finished in 0.07s

     Running tests/asd_tests.rs (target/debug/deps/asd_tests-e21c89ddf04df2de)

running 5 tests
test test_asd_readability_defaults ... ok
test test_high_contrast_ratio ... ok
test test_layout_predictability ... ok
test test_safe_zones_and_offsets ... ok
test test_stability_no_flicker ... ok

test result: ok. 5 passed; 0 failed; 0 ignored; 0 measured; 0 filtered out; finished in 0.00s

     Running tests/hardware_tests.rs (target/debug/deps/hardware_tests-3ef3e531c993f01b)

running 6 tests
test test_amd_igpu_detection ... ok
test test_fan_readings ... ok
test test_nvidia_gpu_access ... ok
test test_high_cpu_load_resilience ... ok
test test_high_disk_io_resilience ... ok
test test_window_position_stability ... ok

test result: ok. 6 passed; 0 failed; 0 ignored; 0 measured; 0 filtered out; finished in 0.56s

     Running tests/metrics_tests.rs (target/debug/deps/metrics_tests-84d1fcacf449f4b2)

running 5 tests
test test_nvidia_collector_parsing ... ok
test test_open_meteo_collector ... ok
test test_hwmon_collector_ryzen_cpu ... ok
test test_hwmon_collector_fan ... ok
test test_sysinfo_collector_defaults ... ok

test result: ok. 5 passed; 0 failed; 0 ignored; 0 measured; 0 filtered out; finished in 0.28s

     Running tests/performance_tests.rs (target/debug/deps/performance_tests-74d1e95623f0cfec)

running 4 tests
test test_render_optimization_bench ... ok
test test_update_latency_accuracy ... ok
test test_pulse_mode_efficiency ... ok
test test_cpu_ram_usage_simulation ... ok

test result: ok. 4 passed; 0 failed; 0 ignored; 0 measured; 0 filtered out; finished in 0.83s

     Running tests/window_integration.rs (target/debug/deps/window_integration-b2e4bd389d1c3875)

running 3 tests
test test_click_through_input_shape ... ok
test test_window_properties_and_atoms ... ok
test test_geometry_and_visual ... ok

test result: ok. 3 passed; 0 failed; 0 ignored; 0 measured; 0 filtered out; finished in 0.18s

     Running benches/render_bench.rs (target/debug/deps/render_bench-68f063e9dbf5b21b)
Gnuplot not found, using plotters backend
Testing render_text_with_glow
Success



========================================
ARCHIVED LOG TIMESTAMP: 2026-02-27 08:31:47
========================================
DEBUGGER SESSION START: 2026-02-27 08:23:30
Targeting Hypothesis in: /home/jwils/matrixoverlay.v2/CurrentProgramTrajectory.md

=== Project Structure Fix ===
No .rs files found in root to move.

$ ls -F src/
config.rs
layout.rs
lib.rs
main.rs
metrics.rs
nvidia_mock.txt
path_utils.rs
render.rs
timer.rs
tray.rs
window.rs


$ ls -F benches/
render_bench.rs


$ cargo build --release
    Finished `release` profile [optimized] target(s) in 0.15s


$ cargo test --all-targets
   Compiling matrix-overlay v0.1.0 (/home/jwils/matrixoverlay.v2)
    Finished `test` profile [unoptimized + debuginfo] target(s) in 0.59s
     Running unittests src/lib.rs (target/debug/deps/matrix_overlay-034438dd129be281)

running 7 tests
test metrics::tests::test_path_traversal_blocked ... ok
test metrics::tests::test_git_rotation_batching_cap ... ok
test render::tests::test_rain_stream_reset ... ok
test render::tests::test_rain_manager_scale_density ... ok
test metrics::tests::test_hwmon_collector_ryzen_cpu ... ok
test metrics::tests::test_git_delta_accuracy_24h_rolling ... ok
test metrics::tests::test_open_meteo_collector ... ok

test result: ok. 7 passed; 0 failed; 0 ignored; 0 measured; 0 filtered out; finished in 0.07s

     Running unittests src/main.rs (target/debug/deps/matrix_overlay-a75954e61943f926)

running 7 tests
test metrics::tests::test_path_traversal_blocked ... ok
test metrics::tests::test_git_rotation_batching_cap ... ok
test render::tests::test_rain_stream_reset ... ok
test render::tests::test_rain_manager_scale_density ... ok
test metrics::tests::test_hwmon_collector_ryzen_cpu ... ok
test metrics::tests::test_git_delta_accuracy_24h_rolling ... ok
test metrics::tests::test_open_meteo_collector ... ok

test result: ok. 7 passed; 0 failed; 0 ignored; 0 measured; 0 filtered out; finished in 0.09s

     Running tests/asd_tests.rs (target/debug/deps/asd_tests-e21c89ddf04df2de)

running 5 tests
test test_asd_readability_defaults ... ok
test test_high_contrast_ratio ... ok
test test_layout_predictability ... ok
test test_safe_zones_and_offsets ... ok
test test_stability_no_flicker ... ok

test result: ok. 5 passed; 0 failed; 0 ignored; 0 measured; 0 filtered out; finished in 0.00s

     Running tests/hardware_tests.rs (target/debug/deps/hardware_tests-3ef3e531c993f01b)

running 6 tests
test test_amd_igpu_detection ... ok
test test_fan_readings ... ok
test test_nvidia_gpu_access ... ok
test test_high_cpu_load_resilience ... ok
test test_high_disk_io_resilience ... ok
test test_window_position_stability ... ok

test result: ok. 6 passed; 0 failed; 0 ignored; 0 measured; 0 filtered out; finished in 0.57s

     Running tests/metrics_tests.rs (target/debug/deps/metrics_tests-84d1fcacf449f4b2)

running 5 tests
test test_nvidia_collector_parsing ... ok
test test_open_meteo_collector ... ok
test test_hwmon_collector_fan ... ok
test test_hwmon_collector_ryzen_cpu ... ok
test test_sysinfo_collector_defaults ... ok

test result: ok. 5 passed; 0 failed; 0 ignored; 0 measured; 0 filtered out; finished in 0.28s

     Running tests/performance_tests.rs (target/debug/deps/performance_tests-74d1e95623f0cfec)

running 4 tests
test test_render_optimization_bench ... ok
test test_update_latency_accuracy ... ok
test test_pulse_mode_efficiency ... ok
test test_cpu_ram_usage_simulation ... ok

test result: ok. 4 passed; 0 failed; 0 ignored; 0 measured; 0 filtered out; finished in 0.84s

     Running tests/window_integration.rs (target/debug/deps/window_integration-b2e4bd389d1c3875)

running 3 tests
test test_click_through_input_shape ... ok
test test_geometry_and_visual ... ok
test test_window_properties_and_atoms ... ok

test result: ok. 3 passed; 0 failed; 0 ignored; 0 measured; 0 filtered out; finished in 0.18s

     Running benches/render_bench.rs (target/debug/deps/render_bench-68f063e9dbf5b21b)
Gnuplot not found, using plotters backend
Testing render_text_with_glow
Success



========================================
ARCHIVED LOG TIMESTAMP: 2026-02-27 08:32:41
========================================
DEBUGGER SESSION START: 2026-02-27 08:31:47
Targeting Hypothesis in: /home/jwils/matrixoverlay.v2/CurrentProgramTrajectory.md

=== Project Structure Fix ===
No .rs files found in root to move.

$ ls -F src/
config.rs
layout.rs
lib.rs
main.rs
metrics.rs
nvidia_mock.txt
path_utils.rs
render.rs
timer.rs
tray.rs
window.rs


$ ls -F benches/
render_bench.rs


$ cargo build --release
    Finished `release` profile [optimized] target(s) in 0.14s


$ cargo test --all-targets
   Compiling matrix-overlay v0.1.0 (/home/jwils/matrixoverlay.v2)
    Finished `test` profile [unoptimized + debuginfo] target(s) in 0.51s
     Running unittests src/lib.rs (target/debug/deps/matrix_overlay-034438dd129be281)

running 7 tests
test metrics::tests::test_path_traversal_blocked ... ok
test metrics::tests::test_git_rotation_batching_cap ... ok
test render::tests::test_rain_stream_reset ... ok
test render::tests::test_rain_manager_scale_density ... ok
test metrics::tests::test_hwmon_collector_ryzen_cpu ... ok
test metrics::tests::test_git_delta_accuracy_24h_rolling ... ok
test metrics::tests::test_open_meteo_collector ... ok

test result: ok. 7 passed; 0 failed; 0 ignored; 0 measured; 0 filtered out; finished in 0.07s

     Running unittests src/main.rs (target/debug/deps/matrix_overlay-a75954e61943f926)

running 7 tests
test metrics::tests::test_path_traversal_blocked ... ok
test metrics::tests::test_git_rotation_batching_cap ... ok
test render::tests::test_rain_stream_reset ... ok
test render::tests::test_rain_manager_scale_density ... ok
test metrics::tests::test_hwmon_collector_ryzen_cpu ... ok
test metrics::tests::test_git_delta_accuracy_24h_rolling ... ok
test metrics::tests::test_open_meteo_collector ... ok

test result: ok. 7 passed; 0 failed; 0 ignored; 0 measured; 0 filtered out; finished in 0.07s

     Running tests/asd_tests.rs (target/debug/deps/asd_tests-e21c89ddf04df2de)

running 5 tests
test test_asd_readability_defaults ... ok
test test_high_contrast_ratio ... ok
test test_layout_predictability ... ok
test test_safe_zones_and_offsets ... ok
test test_stability_no_flicker ... ok

test result: ok. 5 passed; 0 failed; 0 ignored; 0 measured; 0 filtered out; finished in 0.00s

     Running tests/hardware_tests.rs (target/debug/deps/hardware_tests-3ef3e531c993f01b)

running 6 tests
test test_amd_igpu_detection ... ok
test test_fan_readings ... ok
test test_nvidia_gpu_access ... ok
test test_window_position_stability ... ok
test test_high_cpu_load_resilience ... FAILED
test test_high_disk_io_resilience ... ok

failures:

---- test_high_cpu_load_resilience stdout ----
CPU Metric collection took 1.80949686s

thread 'test_high_cpu_load_resilience' panicked at tests/hardware_tests.rs:112:5:
Collection too slow under load (>500ms)
note: run with `RUST_BACKTRACE=1` environment variable to display a backtrace


failures:
    test_high_cpu_load_resilience

test result: FAILED. 5 passed; 1 failed; 0 ignored; 0 measured; 0 filtered out; finished in 1.90s

error: test failed, to rerun pass `--test hardware_tests`


========================================
ARCHIVED LOG TIMESTAMP: 2026-02-27 08:39:50
========================================
DEBUGGER SESSION START: 2026-02-27 08:32:41
Targeting Hypothesis in: /home/jwils/matrixoverlay.v2/CurrentProgramTrajectory.md

=== Project Structure Fix ===
No .rs files found in root to move.

$ ls -F src/
config.rs
layout.rs
lib.rs
main.rs
metrics.rs
nvidia_mock.txt
path_utils.rs
render.rs
timer.rs
tray.rs
window.rs


$ ls -F benches/
render_bench.rs


$ cargo build --release
    Finished `release` profile [optimized] target(s) in 0.12s


$ cargo test --all-targets
    Finished `test` profile [unoptimized + debuginfo] target(s) in 0.14s
     Running unittests src/lib.rs (target/debug/deps/matrix_overlay-034438dd129be281)

running 7 tests
test metrics::tests::test_path_traversal_blocked ... ok
test metrics::tests::test_git_rotation_batching_cap ... ok
test render::tests::test_rain_stream_reset ... ok
test render::tests::test_rain_manager_scale_density ... ok
test metrics::tests::test_git_delta_accuracy_24h_rolling ... ok
test metrics::tests::test_hwmon_collector_ryzen_cpu ... ok
test metrics::tests::test_open_meteo_collector ... ok

test result: ok. 7 passed; 0 failed; 0 ignored; 0 measured; 0 filtered out; finished in 0.07s

     Running unittests src/main.rs (target/debug/deps/matrix_overlay-a75954e61943f926)

running 7 tests
test metrics::tests::test_path_traversal_blocked ... ok
test metrics::tests::test_git_rotation_batching_cap ... ok
test render::tests::test_rain_stream_reset ... ok
test render::tests::test_rain_manager_scale_density ... ok
test metrics::tests::test_hwmon_collector_ryzen_cpu ... ok
test metrics::tests::test_git_delta_accuracy_24h_rolling ... ok
test metrics::tests::test_open_meteo_collector ... ok

test result: ok. 7 passed; 0 failed; 0 ignored; 0 measured; 0 filtered out; finished in 0.07s

     Running tests/asd_tests.rs (target/debug/deps/asd_tests-e21c89ddf04df2de)

running 5 tests
test test_asd_readability_defaults ... ok
test test_high_contrast_ratio ... ok
test test_safe_zones_and_offsets ... ok
test test_layout_predictability ... ok
test test_stability_no_flicker ... ok

test result: ok. 5 passed; 0 failed; 0 ignored; 0 measured; 0 filtered out; finished in 0.00s

     Running tests/hardware_tests.rs (target/debug/deps/hardware_tests-3ef3e531c993f01b)

running 6 tests
test test_amd_igpu_detection ... ok
test test_fan_readings ... ok
test test_nvidia_gpu_access ... ok
test test_high_cpu_load_resilience ... ok
test test_high_disk_io_resilience ... ok
test test_window_position_stability ... ok

test result: ok. 6 passed; 0 failed; 0 ignored; 0 measured; 0 filtered out; finished in 0.57s

     Running tests/metrics_tests.rs (target/debug/deps/metrics_tests-84d1fcacf449f4b2)

running 5 tests
test test_nvidia_collector_parsing ... ok
test test_open_meteo_collector ... ok
test test_hwmon_collector_fan ... ok
test test_hwmon_collector_ryzen_cpu ... ok
test test_sysinfo_collector_defaults ... ok

test result: ok. 5 passed; 0 failed; 0 ignored; 0 measured; 0 filtered out; finished in 0.28s

     Running tests/performance_tests.rs (target/debug/deps/performance_tests-74d1e95623f0cfec)

running 4 tests
test test_render_optimization_bench ... ok
test test_update_latency_accuracy ... ok
test test_pulse_mode_efficiency ... ok
test test_cpu_ram_usage_simulation ... ok

test result: ok. 4 passed; 0 failed; 0 ignored; 0 measured; 0 filtered out; finished in 0.81s

     Running tests/window_integration.rs (target/debug/deps/window_integration-b2e4bd389d1c3875)

running 3 tests
test test_geometry_and_visual ... ok
test test_click_through_input_shape ... ok
test test_window_properties_and_atoms ... ok

test result: ok. 3 passed; 0 failed; 0 ignored; 0 measured; 0 filtered out; finished in 0.18s

     Running benches/render_bench.rs (target/debug/deps/render_bench-68f063e9dbf5b21b)
Gnuplot not found, using plotters backend
Testing render_text_with_glow
Success



========================================
ARCHIVED LOG TIMESTAMP: 2026-02-27 08:39:55
========================================
DEBUGGER SESSION START: 2026-02-27 08:39:50
Targeting Hypothesis in: /home/jwils/matrixoverlay.v2/CurrentProgramTrajectory.md

=== Project Structure Fix ===
No .rs files found in root to move.

$ ls -F src/
config.rs
layout.rs
lib.rs
main.rs
metrics.rs
nvidia_mock.txt
path_utils.rs
render.rs
timer.rs
tray.rs
window.rs


$ ls -F benches/
render_bench.rs


$ cargo build --release
    Finished `release` profile [optimized] target(s) in 0.13s


$ cargo test --all-targets
   Compiling matrix-overlay v0.1.0 (/home/jwils/matrixoverlay.v2)
    Finished `test` profile [unoptimized + debuginfo] target(s) in 0.47s
     Running unittests src/lib.rs (target/debug/deps/matrix_overlay-034438dd129be281)

running 7 tests
test metrics::tests::test_path_traversal_blocked ... ok
test metrics::tests::test_git_rotation_batching_cap ... ok
test render::tests::test_rain_stream_reset ... ok
test render::tests::test_rain_manager_scale_density ... ok
test metrics::tests::test_git_delta_accuracy_24h_rolling ... ok
test metrics::tests::test_hwmon_collector_ryzen_cpu ... ok
test metrics::tests::test_open_meteo_collector ... ok

test result: ok. 7 passed; 0 failed; 0 ignored; 0 measured; 0 filtered out; finished in 0.07s

     Running unittests src/main.rs (target/debug/deps/matrix_overlay-a75954e61943f926)

running 7 tests
test metrics::tests::test_path_traversal_blocked ... ok
test metrics::tests::test_git_rotation_batching_cap ... ok
test render::tests::test_rain_stream_reset ... ok
test render::tests::test_rain_manager_scale_density ... ok
test metrics::tests::test_hwmon_collector_ryzen_cpu ... ok
test metrics::tests::test_git_delta_accuracy_24h_rolling ... ok
test metrics::tests::test_open_meteo_collector ... ok

test result: ok. 7 passed; 0 failed; 0 ignored; 0 measured; 0 filtered out; finished in 0.07s

     Running tests/asd_tests.rs (target/debug/deps/asd_tests-e21c89ddf04df2de)

running 5 tests
test test_asd_readability_defaults ... ok
test test_high_contrast_ratio ... ok
test test_layout_predictability ... ok
test test_stability_no_flicker ... ok
test test_safe_zones_and_offsets ... ok

test result: ok. 5 passed; 0 failed; 0 ignored; 0 measured; 0 filtered out; finished in 0.00s

     Running tests/hardware_tests.rs (target/debug/deps/hardware_tests-3ef3e531c993f01b)

running 6 tests
test test_amd_igpu_detection ... ok
test test_fan_readings ... ok
test test_nvidia_gpu_access ... ok
test test_high_cpu_load_resilience ... ok
test test_high_disk_io_resilience ... ok
test test_window_position_stability ... ok

test result: ok. 6 passed; 0 failed; 0 ignored; 0 measured; 0 filtered out; finished in 0.57s

     Running tests/metrics_tests.rs (target/debug/deps/metrics_tests-84d1fcacf449f4b2)

running 5 tests
test test_nvidia_collector_parsing ... ok
test test_open_meteo_collector ... ok
test test_hwmon_collector_ryzen_cpu ... ok
test test_hwmon_collector_fan ... ok
test test_sysinfo_collector_defaults ... ok

test result: ok. 5 passed; 0 failed; 0 ignored; 0 measured; 0 filtered out; finished in 0.26s

     Running tests/performance_tests.rs (target/debug/deps/performance_tests-74d1e95623f0cfec)

running 4 tests
test test_render_optimization_bench ... ok
test test_update_latency_accuracy ... ok
test test_pulse_mode_efficiency ... ok
test test_cpu_ram_usage_simulation ... ok

test result: ok. 4 passed; 0 failed; 0 ignored; 0 measured; 0 filtered out; finished in 0.81s

     Running tests/window_integration.rs (target/debug/deps/window_integration-b2e4bd389d1c3875)

running 3 tests
test test_click_through_input_shape ... ok
test test_geometry_and_visual ... ok
test test_window_properties_and_atoms ... ok

test result: ok. 3 passed; 0 failed; 0 ignored; 0 measured; 0 filtered out; finished in 0.16s

     Running benches/render_bench.rs (target/debug/deps/render_bench-68f063e9dbf5b21b)
Gnuplot not found, using plotters backend
Testing render_text_with_glow
Success



========================================
ARCHIVED LOG TIMESTAMP: 2026-02-27 08:39:58
========================================
DEBUGGER SESSION START: 2026-02-27 08:39:55
Targeting Hypothesis in: /home/jwils/matrixoverlay.v2/CurrentProgramTrajectory.md

=== Project Structure Fix ===
No .rs files found in root to move.

$ ls -F src/
config.rs
layout.rs
lib.rs
main.rs
metrics.rs
nvidia_mock.txt
path_utils.rs
render.rs
timer.rs
tray.rs
window.rs


$ ls -F benches/
render_bench.rs


$ cargo build --release
    Finished `release` profile [optimized] target(s) in 0.13s


$ cargo test --all-targets
    Finished `test` profile [unoptimized + debuginfo] target(s) in 0.13s
     Running unittests src/lib.rs (target/debug/deps/matrix_overlay-034438dd129be281)

running 7 tests
test metrics::tests::test_path_traversal_blocked ... ok
test metrics::tests::test_git_rotation_batching_cap ... ok
test render::tests::test_rain_stream_reset ... ok
test render::tests::test_rain_manager_scale_density ... ok
test metrics::tests::test_git_delta_accuracy_24h_rolling ... ok
test metrics::tests::test_hwmon_collector_ryzen_cpu ... ok
test metrics::tests::test_open_meteo_collector ... ok

test result: ok. 7 passed; 0 failed; 0 ignored; 0 measured; 0 filtered out; finished in 0.07s

     Running unittests src/main.rs (target/debug/deps/matrix_overlay-a75954e61943f926)

running 7 tests
test metrics::tests::test_path_traversal_blocked ... ok
test metrics::tests::test_git_rotation_batching_cap ... ok
test render::tests::test_rain_stream_reset ... ok
test render::tests::test_rain_manager_scale_density ... ok
test metrics::tests::test_hwmon_collector_ryzen_cpu ... ok
test metrics::tests::test_git_delta_accuracy_24h_rolling ... ok
test metrics::tests::test_open_meteo_collector ... ok

test result: ok. 7 passed; 0 failed; 0 ignored; 0 measured; 0 filtered out; finished in 0.07s

     Running tests/asd_tests.rs (target/debug/deps/asd_tests-e21c89ddf04df2de)

running 5 tests
test test_asd_readability_defaults ... ok
test test_high_contrast_ratio ... ok
test test_safe_zones_and_offsets ... ok
test test_layout_predictability ... ok
test test_stability_no_flicker ... ok

test result: ok. 5 passed; 0 failed; 0 ignored; 0 measured; 0 filtered out; finished in 0.00s

     Running tests/hardware_tests.rs (target/debug/deps/hardware_tests-3ef3e531c993f01b)

running 6 tests
test test_amd_igpu_detection ... ok
test test_fan_readings ... ok
test test_nvidia_gpu_access ... ok
test test_high_cpu_load_resilience ... ok
test test_high_disk_io_resilience ... ok
test test_window_position_stability ... ok

test result: ok. 6 passed; 0 failed; 0 ignored; 0 measured; 0 filtered out; finished in 0.56s

     Running tests/metrics_tests.rs (target/debug/deps/metrics_tests-84d1fcacf449f4b2)

running 5 tests
test test_nvidia_collector_parsing ... ok
test test_open_meteo_collector ... ok
test test_hwmon_collector_fan ... ok
test test_hwmon_collector_ryzen_cpu ... ok
test test_sysinfo_collector_defaults ... ok

test result: ok. 5 passed; 0 failed; 0 ignored; 0 measured; 0 filtered out; finished in 0.27s

     Running tests/performance_tests.rs (target/debug/deps/performance_tests-74d1e95623f0cfec)

running 4 tests
test test_render_optimization_bench ... ok
test test_update_latency_accuracy ... ok
test test_pulse_mode_efficiency ... ok
test test_cpu_ram_usage_simulation ... ok

test result: ok. 4 passed; 0 failed; 0 ignored; 0 measured; 0 filtered out; finished in 0.81s

     Running tests/window_integration.rs (target/debug/deps/window_integration-b2e4bd389d1c3875)

running 3 tests
test test_geometry_and_visual ... ok
test test_click_through_input_shape ... ok
test test_window_properties_and_atoms ... ok

test result: ok. 3 passed; 0 failed; 0 ignored; 0 measured; 0 filtered out; finished in 0.17s

     Running benches/render_bench.rs (target/debug/deps/render_bench-68f063e9dbf5b21b)
Gnuplot not found, using plotters backend
Testing render_text_with_glow
Success



========================================
ARCHIVED LOG TIMESTAMP: 2026-02-27 08:40:03
========================================
DEBUGGER SESSION START: 2026-02-27 08:39:58
Targeting Hypothesis in: /home/jwils/matrixoverlay.v2/CurrentProgramTrajectory.md

=== Project Structure Fix ===
No .rs files found in root to move.

$ ls -F src/
config.rs
layout.rs
lib.rs
main.rs
metrics.rs
nvidia_mock.txt
path_utils.rs
render.rs
timer.rs
tray.rs
window.rs


$ ls -F benches/
render_bench.rs


$ cargo build --release
    Finished `release` profile [optimized] target(s) in 0.12s


$ cargo test --all-targets
    Finished `test` profile [unoptimized + debuginfo] target(s) in 0.14s
     Running unittests src/lib.rs (target/debug/deps/matrix_overlay-034438dd129be281)

running 7 tests
test metrics::tests::test_path_traversal_blocked ... ok
test metrics::tests::test_git_rotation_batching_cap ... ok
test render::tests::test_rain_manager_scale_density ... ok
test render::tests::test_rain_stream_reset ... ok
test metrics::tests::test_git_delta_accuracy_24h_rolling ... ok
test metrics::tests::test_hwmon_collector_ryzen_cpu ... ok
test metrics::tests::test_open_meteo_collector ... ok

test result: ok. 7 passed; 0 failed; 0 ignored; 0 measured; 0 filtered out; finished in 0.07s

     Running unittests src/main.rs (target/debug/deps/matrix_overlay-a75954e61943f926)

running 7 tests
test metrics::tests::test_path_traversal_blocked ... ok
test metrics::tests::test_git_rotation_batching_cap ... ok
test render::tests::test_rain_stream_reset ... ok
test render::tests::test_rain_manager_scale_density ... ok
test metrics::tests::test_hwmon_collector_ryzen_cpu ... ok
test metrics::tests::test_git_delta_accuracy_24h_rolling ... ok
test metrics::tests::test_open_meteo_collector ... ok

test result: ok. 7 passed; 0 failed; 0 ignored; 0 measured; 0 filtered out; finished in 0.07s

     Running tests/asd_tests.rs (target/debug/deps/asd_tests-e21c89ddf04df2de)

running 5 tests
test test_asd_readability_defaults ... ok
test test_layout_predictability ... ok
test test_high_contrast_ratio ... ok
test test_stability_no_flicker ... ok
test test_safe_zones_and_offsets ... ok

test result: ok. 5 passed; 0 failed; 0 ignored; 0 measured; 0 filtered out; finished in 0.00s

     Running tests/hardware_tests.rs (target/debug/deps/hardware_tests-3ef3e531c993f01b)

running 6 tests
test test_amd_igpu_detection ... ok
test test_fan_readings ... ok
test test_nvidia_gpu_access ... ok
test test_high_cpu_load_resilience ... ok
test test_high_disk_io_resilience ... ok
test test_window_position_stability ... ok

test result: ok. 6 passed; 0 failed; 0 ignored; 0 measured; 0 filtered out; finished in 0.56s

     Running tests/metrics_tests.rs (target/debug/deps/metrics_tests-84d1fcacf449f4b2)

running 5 tests
test test_nvidia_collector_parsing ... ok
test test_open_meteo_collector ... ok
test test_hwmon_collector_ryzen_cpu ... ok
test test_hwmon_collector_fan ... ok
test test_sysinfo_collector_defaults ... ok

test result: ok. 5 passed; 0 failed; 0 ignored; 0 measured; 0 filtered out; finished in 0.27s

     Running tests/performance_tests.rs (target/debug/deps/performance_tests-74d1e95623f0cfec)

running 4 tests
test test_render_optimization_bench ... ok
test test_update_latency_accuracy ... ok
test test_pulse_mode_efficiency ... ok
test test_cpu_ram_usage_simulation ... ok

test result: ok. 4 passed; 0 failed; 0 ignored; 0 measured; 0 filtered out; finished in 0.80s

     Running tests/window_integration.rs (target/debug/deps/window_integration-b2e4bd389d1c3875)

running 3 tests
test test_click_through_input_shape ... ok
test test_geometry_and_visual ... ok
test test_window_properties_and_atoms ... ok

test result: ok. 3 passed; 0 failed; 0 ignored; 0 measured; 0 filtered out; finished in 0.17s

     Running benches/render_bench.rs (target/debug/deps/render_bench-68f063e9dbf5b21b)
Gnuplot not found, using plotters backend
Testing render_text_with_glow
Success



========================================
ARCHIVED LOG TIMESTAMP: 2026-02-27 09:45:30
========================================
DEBUGGER SESSION START: 2026-02-27 08:40:03
Targeting Hypothesis in: /home/jwils/matrixoverlay.v2/CurrentProgramTrajectory.md

=== Project Structure Fix ===
No .rs files found in root to move.

$ ls -F src/
config.rs
layout.rs
lib.rs
main.rs
metrics.rs
nvidia_mock.txt
path_utils.rs
render.rs
timer.rs
tray.rs
window.rs


$ ls -F benches/
render_bench.rs


$ cargo build --release
    Finished `release` profile [optimized] target(s) in 0.14s


$ cargo test --all-targets
    Finished `test` profile [unoptimized + debuginfo] target(s) in 0.13s
     Running unittests src/lib.rs (target/debug/deps/matrix_overlay-034438dd129be281)

running 7 tests
test metrics::tests::test_path_traversal_blocked ... ok
test metrics::tests::test_git_rotation_batching_cap ... ok
test render::tests::test_rain_stream_reset ... ok
test render::tests::test_rain_manager_scale_density ... ok
test metrics::tests::test_git_delta_accuracy_24h_rolling ... ok
test metrics::tests::test_hwmon_collector_ryzen_cpu ... ok
test metrics::tests::test_open_meteo_collector ... ok

test result: ok. 7 passed; 0 failed; 0 ignored; 0 measured; 0 filtered out; finished in 0.07s

     Running unittests src/main.rs (target/debug/deps/matrix_overlay-a75954e61943f926)

running 7 tests
test metrics::tests::test_path_traversal_blocked ... ok
test metrics::tests::test_git_rotation_batching_cap ... ok
test render::tests::test_rain_stream_reset ... ok
test render::tests::test_rain_manager_scale_density ... ok
test metrics::tests::test_hwmon_collector_ryzen_cpu ... ok
test metrics::tests::test_git_delta_accuracy_24h_rolling ... ok
test metrics::tests::test_open_meteo_collector ... ok

test result: ok. 7 passed; 0 failed; 0 ignored; 0 measured; 0 filtered out; finished in 0.07s

     Running tests/asd_tests.rs (target/debug/deps/asd_tests-e21c89ddf04df2de)

running 5 tests
test test_asd_readability_defaults ... ok
test test_high_contrast_ratio ... ok
test test_layout_predictability ... ok
test test_safe_zones_and_offsets ... ok
test test_stability_no_flicker ... ok

test result: ok. 5 passed; 0 failed; 0 ignored; 0 measured; 0 filtered out; finished in 0.00s

     Running tests/hardware_tests.rs (target/debug/deps/hardware_tests-3ef3e531c993f01b)

running 6 tests
test test_amd_igpu_detection ... ok
test test_fan_readings ... ok
test test_nvidia_gpu_access ... ok
test test_high_cpu_load_resilience ... ok
test test_high_disk_io_resilience ... ok
test test_window_position_stability ... ok

test result: ok. 6 passed; 0 failed; 0 ignored; 0 measured; 0 filtered out; finished in 0.57s

     Running tests/metrics_tests.rs (target/debug/deps/metrics_tests-84d1fcacf449f4b2)

running 5 tests
test test_nvidia_collector_parsing ... ok
test test_open_meteo_collector ... ok
test test_hwmon_collector_fan ... ok
test test_hwmon_collector_ryzen_cpu ... ok
test test_sysinfo_collector_defaults ... ok

test result: ok. 5 passed; 0 failed; 0 ignored; 0 measured; 0 filtered out; finished in 0.28s

     Running tests/performance_tests.rs (target/debug/deps/performance_tests-74d1e95623f0cfec)

running 4 tests
test test_render_optimization_bench ... ok
test test_update_latency_accuracy ... ok
test test_pulse_mode_efficiency ... ok
test test_cpu_ram_usage_simulation ... ok

test result: ok. 4 passed; 0 failed; 0 ignored; 0 measured; 0 filtered out; finished in 0.83s

     Running tests/window_integration.rs (target/debug/deps/window_integration-b2e4bd389d1c3875)

running 3 tests
test test_geometry_and_visual ... ok
test test_click_through_input_shape ... ok
test test_window_properties_and_atoms ... ok

test result: ok. 3 passed; 0 failed; 0 ignored; 0 measured; 0 filtered out; finished in 0.18s

     Running benches/render_bench.rs (target/debug/deps/render_bench-68f063e9dbf5b21b)
Gnuplot not found, using plotters backend
Testing render_text_with_glow
Success



========================================
ARCHIVED LOG TIMESTAMP: 2026-02-27 09:51:22
========================================
DEBUGGER SESSION START: 2026-02-27 09:45:30
Targeting Hypothesis in: /home/jwils/matrixoverlay.v2/CurrentProgramTrajectory.md

=== Project Structure Fix ===
No .rs files found in root to move.

$ ls -F src/
config.rs
layout.rs
lib.rs
main.rs
metrics.rs
nvidia_mock.txt
path_utils.rs
render.rs
timer.rs
tray.rs
window.rs


$ ls -F benches/
render_bench.rs


$ cargo build --release
    Finished `release` profile [optimized] target(s) in 0.14s


$ cargo test --all-targets
    Finished `test` profile [unoptimized + debuginfo] target(s) in 0.15s
     Running unittests src/lib.rs (target/debug/deps/matrix_overlay-034438dd129be281)

running 7 tests
test metrics::tests::test_path_traversal_blocked ... ok
test metrics::tests::test_git_rotation_batching_cap ... ok
test render::tests::test_rain_stream_reset ... ok
test render::tests::test_rain_manager_scale_density ... ok
test metrics::tests::test_git_delta_accuracy_24h_rolling ... ok
test metrics::tests::test_hwmon_collector_ryzen_cpu ... ok
test metrics::tests::test_open_meteo_collector ... ok

test result: ok. 7 passed; 0 failed; 0 ignored; 0 measured; 0 filtered out; finished in 0.07s

     Running unittests src/main.rs (target/debug/deps/matrix_overlay-a75954e61943f926)

running 7 tests
test metrics::tests::test_path_traversal_blocked ... ok
test metrics::tests::test_git_rotation_batching_cap ... ok
test render::tests::test_rain_stream_reset ... ok
test render::tests::test_rain_manager_scale_density ... ok
test metrics::tests::test_hwmon_collector_ryzen_cpu ... ok
test metrics::tests::test_git_delta_accuracy_24h_rolling ... ok
test metrics::tests::test_open_meteo_collector ... ok

test result: ok. 7 passed; 0 failed; 0 ignored; 0 measured; 0 filtered out; finished in 0.07s

     Running tests/asd_tests.rs (target/debug/deps/asd_tests-e21c89ddf04df2de)

running 5 tests
test test_asd_readability_defaults ... ok
test test_high_contrast_ratio ... ok
test test_layout_predictability ... ok
test test_safe_zones_and_offsets ... ok
test test_stability_no_flicker ... ok

test result: ok. 5 passed; 0 failed; 0 ignored; 0 measured; 0 filtered out; finished in 0.00s

     Running tests/hardware_tests.rs (target/debug/deps/hardware_tests-3ef3e531c993f01b)

running 6 tests
test test_amd_igpu_detection ... ok
test test_fan_readings ... ok
test test_nvidia_gpu_access ... ok
test test_high_cpu_load_resilience ... ok
test test_high_disk_io_resilience ... ok
test test_window_position_stability ... ok

test result: ok. 6 passed; 0 failed; 0 ignored; 0 measured; 0 filtered out; finished in 0.56s

     Running tests/metrics_tests.rs (target/debug/deps/metrics_tests-84d1fcacf449f4b2)

running 5 tests
test test_nvidia_collector_parsing ... ok
test test_open_meteo_collector ... ok
test test_hwmon_collector_fan ... ok
test test_hwmon_collector_ryzen_cpu ... ok
test test_sysinfo_collector_defaults ... ok

test result: ok. 5 passed; 0 failed; 0 ignored; 0 measured; 0 filtered out; finished in 0.30s

     Running tests/performance_tests.rs (target/debug/deps/performance_tests-74d1e95623f0cfec)

running 4 tests
test test_render_optimization_bench ... ok
test test_update_latency_accuracy ... ok
test test_pulse_mode_efficiency ... ok
test test_cpu_ram_usage_simulation ... ok

test result: ok. 4 passed; 0 failed; 0 ignored; 0 measured; 0 filtered out; finished in 0.83s

     Running tests/window_integration.rs (target/debug/deps/window_integration-b2e4bd389d1c3875)

running 3 tests
test test_click_through_input_shape ... ok
test test_geometry_and_visual ... ok
test test_window_properties_and_atoms ... ok

test result: ok. 3 passed; 0 failed; 0 ignored; 0 measured; 0 filtered out; finished in 0.16s

     Running benches/render_bench.rs (target/debug/deps/render_bench-68f063e9dbf5b21b)
Gnuplot not found, using plotters backend
Testing render_text_with_glow
Success



=== Runtime Verification ===
$ RUST_LOG=info ./target/release/matrix-overlay
[2026-02-27T15:45:33Z INFO  matrix_overlay] Initializing Matrix Overlay...
[2026-02-27T15:45:33Z INFO  matrix_overlay] Configuration loaded successfully.
[2026-02-27T15:45:33Z INFO  matrix_overlay] Monitor 0: Configured metrics: ["cpu_usage", "ram_usage", "gpu_temp"]
[2026-02-27T15:45:33Z INFO  matrix_overlay] Monitor 1: Configured metrics: ["network_details", "disk_usage", "weather_temp"]
[2026-02-27T15:45:33Z INFO  matrix_overlay] Weather disabled (Privacy Mode active)
[2026-02-27T15:45:33Z INFO  matrix_overlay] Connected to XCB. Screen: 0
[2026-02-27T15:45:33Z INFO  matrix_overlay::window] Detected 2 active monitors
[2026-02-27T15:45:33Z INFO  matrix_overlay::window]   - eDP (ID: 82): 1920x1080@120Hz at 0,0
[2026-02-27T15:45:33Z INFO  matrix_overlay::window]   - HDMI-1-0 (ID: 475): 1920x1080@60Hz at 1920,0
[2026-02-27T15:45:33Z INFO  matrix_overlay] Created 2 overlay windows.
[2026-02-27T15:45:33Z INFO  matrix_overlay]   Window 0: ID=Window { res_id: 81788929 }, Monitor=eDP
[2026-02-27T15:45:33Z INFO  matrix_overlay]   Window 1: ID=Window { res_id: 81788931 }, Monitor=HDMI-1-0
[2026-02-27T15:45:33Z INFO  matrix_overlay] Setting background to black...
[2026-02-27T15:45:33Z INFO  matrix_overlay] Grabbed hotkeys: Ctrl+Alt+W (Toggle), Ctrl+Alt+Q (Quit)
[2026-02-27T15:45:33Z INFO  matrix_overlay] Entering event loop...
[2026-02-27T15:45:33Z ERROR matrix_overlay] XCB Wait Error: xcb protocol error
[2026-02-27T15:45:33Z INFO  matrix_overlay] Shutting down...

[Process exited with code 0]

========================================
ARCHIVED LOG TIMESTAMP: 2026-02-27 12:54:59
========================================
DEBUGGER SESSION START: 2026-02-27 09:45:30
Targeting Hypothesis in: /home/jwils/matrixoverlay.v2/CurrentProgramTrajectory.md

=== Project Structure Fix ===
No .rs files found in root to move.

$ ls -F src/
config.rs
layout.rs
lib.rs
main.rs
metrics.rs
nvidia_mock.txt
path_utils.rs
render.rs
timer.rs
tray.rs
window.rs


$ ls -F benches/
render_bench.rs


$ cargo build --release
    Finished `release` profile [optimized] target(s) in 0.14s


$ cargo test --all-targets
    Finished `test` profile [unoptimized + debuginfo] target(s) in 0.15s
     Running unittests src/lib.rs (target/debug/deps/matrix_overlay-034438dd129be281)

running 7 tests
test metrics::tests::test_path_traversal_blocked ... ok
test metrics::tests::test_git_rotation_batching_cap ... ok
test render::tests::test_rain_stream_reset ... ok
test render::tests::test_rain_manager_scale_density ... ok
test metrics::tests::test_git_delta_accuracy_24h_rolling ... ok
test metrics::tests::test_hwmon_collector_ryzen_cpu ... ok
test metrics::tests::test_open_meteo_collector ... ok

test result: ok. 7 passed; 0 failed; 0 ignored; 0 measured; 0 filtered out; finished in 0.07s

     Running unittests src/main.rs (target/debug/deps/matrix_overlay-a75954e61943f926)

running 7 tests
test metrics::tests::test_path_traversal_blocked ... ok
test metrics::tests::test_git_rotation_batching_cap ... ok
test render::tests::test_rain_stream_reset ... ok
test render::tests::test_rain_manager_scale_density ... ok
test metrics::tests::test_hwmon_collector_ryzen_cpu ... ok
test metrics::tests::test_git_delta_accuracy_24h_rolling ... ok
test metrics::tests::test_open_meteo_collector ... ok

test result: ok. 7 passed; 0 failed; 0 ignored; 0 measured; 0 filtered out; finished in 0.07s

     Running tests/asd_tests.rs (target/debug/deps/asd_tests-e21c89ddf04df2de)

running 5 tests
test test_asd_readability_defaults ... ok
test test_high_contrast_ratio ... ok
test test_layout_predictability ... ok
test test_safe_zones_and_offsets ... ok
test test_stability_no_flicker ... ok

test result: ok. 5 passed; 0 failed; 0 ignored; 0 measured; 0 filtered out; finished in 0.00s

     Running tests/hardware_tests.rs (target/debug/deps/hardware_tests-3ef3e531c993f01b)

running 6 tests
test test_amd_igpu_detection ... ok
test test_fan_readings ... ok
test test_nvidia_gpu_access ... ok
test test_high_cpu_load_resilience ... ok
test test_high_disk_io_resilience ... ok
test test_window_position_stability ... ok

test result: ok. 6 passed; 0 failed; 0 ignored; 0 measured; 0 filtered out; finished in 0.56s

     Running tests/metrics_tests.rs (target/debug/deps/metrics_tests-84d1fcacf449f4b2)

running 5 tests
test test_nvidia_collector_parsing ... ok
test test_open_meteo_collector ... ok
test test_hwmon_collector_fan ... ok
test test_hwmon_collector_ryzen_cpu ... ok
test test_sysinfo_collector_defaults ... ok

test result: ok. 5 passed; 0 failed; 0 ignored; 0 measured; 0 filtered out; finished in 0.30s

     Running tests/performance_tests.rs (target/debug/deps/performance_tests-74d1e95623f0cfec)

running 4 tests
test test_render_optimization_bench ... ok
test test_update_latency_accuracy ... ok
test test_pulse_mode_efficiency ... ok
test test_cpu_ram_usage_simulation ... ok

test result: ok. 4 passed; 0 failed; 0 ignored; 0 measured; 0 filtered out; finished in 0.83s

     Running tests/window_integration.rs (target/debug/deps/window_integration-b2e4bd389d1c3875)

running 3 tests
test test_click_through_input_shape ... ok
test test_geometry_and_visual ... ok
test test_window_properties_and_atoms ... ok

test result: ok. 3 passed; 0 failed; 0 ignored; 0 measured; 0 filtered out; finished in 0.16s

     Running benches/render_bench.rs (target/debug/deps/render_bench-68f063e9dbf5b21b)
Gnuplot not found, using plotters backend
Testing render_text_with_glow
Success



=== Runtime Verification ===
$ RUST_LOG=info ./target/release/matrix-overlay
[2026-02-27T15:45:33Z INFO  matrix_overlay] Initializing Matrix Overlay...
[2026-02-27T15:45:33Z INFO  matrix_overlay] Configuration loaded successfully.
[2026-02-27T15:45:33Z INFO  matrix_overlay] Monitor 0: Configured metrics: ["cpu_usage", "ram_usage", "gpu_temp"]
[2026-02-27T15:45:33Z INFO  matrix_overlay] Monitor 1: Configured metrics: ["network_details", "disk_usage", "weather_temp"]
[2026-02-27T15:45:33Z INFO  matrix_overlay] Weather disabled (Privacy Mode active)
[2026-02-27T15:45:33Z INFO  matrix_overlay] Connected to XCB. Screen: 0
[2026-02-27T15:45:33Z INFO  matrix_overlay::window] Detected 2 active monitors
[2026-02-27T15:45:33Z INFO  matrix_overlay::window]   - eDP (ID: 82): 1920x1080@120Hz at 0,0
[2026-02-27T15:45:33Z INFO  matrix_overlay::window]   - HDMI-1-0 (ID: 475): 1920x1080@60Hz at 1920,0
[2026-02-27T15:45:33Z INFO  matrix_overlay] Created 2 overlay windows.
[2026-02-27T15:45:33Z INFO  matrix_overlay]   Window 0: ID=Window { res_id: 81788929 }, Monitor=eDP
[2026-02-27T15:45:33Z INFO  matrix_overlay]   Window 1: ID=Window { res_id: 81788931 }, Monitor=HDMI-1-0
[2026-02-27T15:45:33Z INFO  matrix_overlay] Setting background to black...
[2026-02-27T15:45:33Z INFO  matrix_overlay] Grabbed hotkeys: Ctrl+Alt+W (Toggle), Ctrl+Alt+Q (Quit)
[2026-02-27T15:45:33Z INFO  matrix_overlay] Entering event loop...
[2026-02-27T15:45:33Z ERROR matrix_overlay] XCB Wait Error: xcb protocol error
[2026-02-27T15:45:33Z INFO  matrix_overlay] Shutting down...

[Process exited with code 0]
